WCCILevent   (0), 2025.04.30 11:00:29.751, SYS,  INFO,        1, Manager Start, PROJ, KGSHNextGen, V 3.18 - 3.18   platform Windows AMD64 linked at Nov 10 2021 20:28:52 (a061d04d4492)
WCCILevent   (0), 2025.04.30 11:00:29.772, SYS,  INFO,        3, Trying to connect to (SYS: 0 Data -num 0 CONN: 1) @ localhost:4897
WCCILevent   (0), 2025.04.30 11:00:29.776, SYS,  INFO,        4, Connected to (SYS: 0 Data -num 0 CONN: 1) @ c0012106.btw.by (::1)
WCCILevent   (0), 2025.04.30 11:00:29.782, PARAM,SEVERE,     71, DP does not exist, _Connections.Event.ManNums:_original.._value
WCCILevent   (0), 2025.04.30 11:00:29.782, PARAM,SEVERE,     71, DP does not exist, _Connections.Event.StartTimes:_original.._value
WCCILevent   (0), 2025.04.30 11:00:29.782, PARAM,SEVERE,     71, DP does not exist, _Connections.Event.HostNames:_original.._value
WCCILevent   (0), 2025.04.30 11:00:29.782, PARAM,SEVERE,     71, DP does not exist, _Connections.Driver.ManNums:_original.._value
WCCILevent   (0), 2025.04.30 11:00:29.782, PARAM,SEVERE,     71, DP does not exist, _Connections.Driver.StartTimes:_original.._value
WCCILevent   (0), 2025.04.30 11:00:29.782, PARAM,SEVERE,     71, DP does not exist, _Connections.Driver.HostNames:_original.._value
WCCILevent   (0), 2025.04.30 11:00:29.782, PARAM,SEVERE,     71, DP does not exist, _Connections.Data.ManNums:_original.._value
WCCILevent   (0), 2025.04.30 11:00:29.782, PARAM,SEVERE,     71, DP does not exist, _Connections.Data.StartTimes:_original.._value
WCCILevent   (0), 2025.04.30 11:00:29.782, PARAM,SEVERE,     71, DP does not exist, _Connections.Data.HostNames:_original.._value
WCCILevent   (0), 2025.04.30 11:00:29.782, PARAM,SEVERE,     71, DP does not exist, _Connections.Ui.ManNums:_original.._value
WCCILevent   (0), 2025.04.30 11:00:29.782, PARAM,SEVERE,     71, DP does not exist, _Connections.Ui.StartTimes:_original.._value
WCCILevent   (0), 2025.04.30 11:00:29.782, PARAM,SEVERE,     71, DP does not exist, _Connections.Ui.HostNames:_original.._value
WCCILevent   (0), 2025.04.30 11:00:29.782, PARAM,SEVERE,     71, DP does not exist, _Connections.Ctrl.ManNums:_original.._value
WCCILevent   (0), 2025.04.30 11:00:29.782, PARAM,SEVERE,     71, DP does not exist, _Connections.Ctrl.StartTimes:_original.._value
WCCILevent   (0), 2025.04.30 11:00:29.782, PARAM,SEVERE,     71, DP does not exist, _Connections.Ctrl.HostNames:_original.._value
WCCILevent   (0), 2025.04.30 11:00:29.782, PARAM,SEVERE,     71, DP does not exist, _Connections.Ascii.ManNums:_original.._value
WCCILevent   (0), 2025.04.30 11:00:29.782, PARAM,SEVERE,     71, DP does not exist, _Connections.Ascii.StartTimes:_original.._value
WCCILevent   (0), 2025.04.30 11:00:29.782, PARAM,SEVERE,     71, DP does not exist, _Connections.Ascii.HostNames:_original.._value
WCCILevent   (0), 2025.04.30 11:00:29.782, PARAM,SEVERE,     71, DP does not exist, _Connections.Api.ManNums:_original.._value
WCCILevent   (0), 2025.04.30 11:00:29.782, PARAM,SEVERE,     71, DP does not exist, _Connections.Api.StartTimes:_original.._value
WCCILevent   (0), 2025.04.30 11:00:29.782, PARAM,SEVERE,     71, DP does not exist, _Connections.Api.HostNames:_original.._value
WCCILevent   (0), 2025.04.30 11:00:29.782, PARAM,SEVERE,     71, DP does not exist, _Connections.Device.ManNums:_original.._value
WCCILevent   (0), 2025.04.30 11:00:29.782, PARAM,SEVERE,     71, DP does not exist, _Connections.Device.StartTimes:_original.._value
WCCILevent   (0), 2025.04.30 11:00:29.782, PARAM,SEVERE,     71, DP does not exist, _Connections.Device.HostNames:_original.._value
WCCILevent   (0), 2025.04.30 11:00:29.782, PARAM,SEVERE,     71, DP does not exist, _Connections.Redu.ManNums:_original.._value
WCCILevent   (0), 2025.04.30 11:00:29.782, PARAM,SEVERE,     71, DP does not exist, _Connections.Redu.StartTimes:_original.._value
WCCILevent   (0), 2025.04.30 11:00:29.782, PARAM,SEVERE,     71, DP does not exist, _Connections.Redu.HostNames:_original.._value
WCCILevent   (0), 2025.04.30 11:00:29.782, PARAM,SEVERE,     71, DP does not exist, _Connections.Report.ManNums:_original.._value
WCCILevent   (0), 2025.04.30 11:00:29.782, PARAM,SEVERE,     71, DP does not exist, _Connections.Report.StartTimes:_original.._value
WCCILevent   (0), 2025.04.30 11:00:29.782, PARAM,SEVERE,     71, DP does not exist, _Connections.Report.HostNames:_original.._value
WCCILevent   (0), 2025.04.30 11:00:29.782, PARAM,SEVERE,     71, DP does not exist, _Connections.Dde.ManNums:_original.._value
WCCILevent   (0), 2025.04.30 11:00:29.782, PARAM,SEVERE,     71, DP does not exist, _Connections.Dde.StartTimes:_original.._value
WCCILevent   (0), 2025.04.30 11:00:29.782, PARAM,SEVERE,     71, DP does not exist, _Connections.Dde.HostNames:_original.._value
WCCILevent   (0), 2025.04.30 11:00:29.782, PARAM,SEVERE,     71, DP does not exist, _Connections.Dist.ManNums:_original.._value
WCCILevent   (0), 2025.04.30 11:00:29.782, PARAM,SEVERE,     71, DP does not exist, _Connections.Dist.StartTimes:_original.._value
WCCILevent   (0), 2025.04.30 11:00:29.782, PARAM,SEVERE,     71, DP does not exist, _Connections.Dist.HostNames:_original.._value
WCCILevent   (0), 2025.04.30 11:00:29.786, SYS,  INFO,        6, Initialization by Data Manager finished
WCCILevent   (0), 2025.04.30 11:00:29.786, SYS,  INFO,      169, Initialize 0 dp-functions
WCCILevent   (0), 2025.04.30 11:00:29.786, SYS,  INFO,      168, Initialize 0 alerts
WCCILevent   (0), 2025.04.30 11:00:29.786, PARAM,WARNING,     7, Datapoint does not exist, EvFixedLicenses, EvFixedLicenses, _Event.License.FixedShield
WCCILevent   (0), 2025.04.30 11:00:29.786, PARAM,WARNING,     7, Datapoint does not exist, UserTable, UserTable, _Users.UserId
WCCILevent   (0), 2025.04.30 11:00:29.786, PARAM,WARNING,     7, Datapoint does not exist, ManagerTable, ManagerTable, _Managers.Auth.ManType
WCCILevent   (0), 2025.04.30 11:00:29.786, PARAM,WARNING,     7, Datapoint does not exist, EventManager, doDpConnect, _System.Auth.DpType:_original.._value
WCCILevent   (0), 2025.04.30 11:00:29.786, PARAM,WARNING,     7, Datapoint does not exist, EventManager, doDpConnect, _System.Auth.Dp:_original.._value
WCCILevent   (0), 2025.04.30 11:00:29.786, PARAM,WARNING,     7, Datapoint does not exist, EventManager, doDpConnect, _System.Auth.DpAuth:_original.._value
WCCILevent   (0), 2025.04.30 11:00:29.786, PARAM,WARNING,     7, Datapoint does not exist, EventManager, doDpConnect, _System.Auth.DpAlias:_original.._value
WCCILevent   (0), 2025.04.30 11:00:29.786, PARAM,WARNING,     7, Datapoint does not exist, EventManager, dpDpConnect, _Event.ReadLicense
WCCILevent   (0), 2025.04.30 11:00:29.786, PARAM,WARNING,     8, Element does not exist, EventManager, doDpConnect, _Managers.Exit
WCCILevent   (0), 2025.04.30 11:00:29.786, PARAM,WARNING,     8, Element does not exist, EventManager, doDpConnect, _Managers.Refresh
WCCILevent   (0), 2025.04.30 11:00:29.786, PARAM,WARNING,     7, Datapoint does not exist, EventManager, evMain, _Event.License.ExpirationCnt
WCCILevent   (0), 2025.04.30 11:00:29.786, PARAM,WARNING,     7, Datapoint does not exist, EventManager, evMain, _Event.License.alm.isRTILInvalid:_original.._value
WCCILevent   (0), 2025.04.30 11:00:29.787, PARAM,WARNING,     7, Datapoint does not exist, EventManager, evMain, _Event.License.alm.isPVSSInvalid:_original.._value
WCCILevent   (0), 2025.04.30 11:00:29.787, PARAM,WARNING,     7, Datapoint does not exist, EventManager, evMain, _Event.License.alm.shield:_original.._value
WCCILevent   (0), 2025.04.30 11:00:29.895, SYS,  INFO,        4, Connected to (SYS: 1 Driver -num 1 CONN: 1) @ c0012106.btw.by (::1)
WCCILevent   (0), 2025.04.30 11:00:30.001, SYS,  INFO,        4, Connected to (SYS: 1 Ascii -num 1 CONN: 1) @ c0012106.btw.by (::1)
WCCILevent   (0), 2025.04.30 11:00:30.160, SYS,  WARNING,    39, Connection lost, MAN: (SYS: 1 Ascii -num 1 CONN: 1), Connection reset by peer (10054)
WCCILevent   (0), 2025.04.30 11:00:30.229, SYS,  INFO,        4, Connected to (SYS: 1 Ascii -num 1 CONN: 1) @ c0012106.btw.by (::1)
WCCILevent   (0), 2025.04.30 11:00:30.558, SYS,  WARNING,    39, Connection lost, MAN: (SYS: 1 Ascii -num 1 CONN: 1), Connection reset by peer (10054)
WCCILevent   (0), 2025.04.30 11:00:30.648, SYS,  INFO,        4, Connected to (SYS: 1 Ascii -num 1 CONN: 1) @ c0012106.btw.by (::1)
WCCILevent   (0), 2025.04.30 11:00:35.790, SYS,  WARNING,     0, , Demo period started 30 minutes
WCCILevent   (0), 2025.04.30 11:00:57.535, SYS,  WARNING,    39, Connection lost, MAN: (SYS: 1 Ascii -num 1 CONN: 1), Connection reset by peer (10054)
WCCILevent   (0), 2025.04.30 11:00:57.611, SYS,  INFO,        4, Connected to (SYS: 1 Ascii -num 1 CONN: 1) @ c0012106.btw.by (::1)
WCCILevent   (0), 2025.04.30 11:00:58.392, SYS,  WARNING,    39, Connection lost, MAN: (SYS: 1 Ascii -num 1 CONN: 1), Connection reset by peer (10054)
WCCILevent   (0), 2025.04.30 11:00:58.434, SYS,  INFO,       39, Connection lost, MAN: (SYS: 1 Driver -num 1 CONN: 1), Connection closed
WCCILevent   (0), 2025.04.30 11:00:58.438, SYS,  INFO,        2, Manager Stop, received signal 15, exiting
WCCILevent   (0), 2025.04.30 11:00:58.539, SYS,  INFO,        2, Manager Stop, start cleanup
WCCILevent   (0), 2025.04.30 11:00:58.539, SYS,  INFO,      181, Closing connection to (SYS: 1 Data -num 0 CONN: 1)
WCCILevent   (0), 2025.04.30 11:00:58.539, SYS,  INFO,       39, Connection lost, MAN: (SYS: 1 Data -num 0 CONN: 1), Connection closed
WCCILevent   (0), 2025.04.30 11:00:58.546, SYS,  INFO,        2, Manager Stop
