["dpConnectPassportWrite:"]
["val1:"][FALSE]
["Полный путь (DPE):"]["System1:Press1.Inputs.RecipeBoolVal.Runtime:_online.._value"]
["DP:"]["Press1"]["time:"][1970.01.01 03:00:00.000000000]
["time:"]["1970-01-01 03:00:00"]["dpConnectPassportWrite:"]
["val1:"][FALSE]
["Полный путь (DPE):"]["System1:Press2.Inputs.RecipeBoolVal.Runtime:_online.._value"]
["DP:"]["Press2"]["time:"][1970.01.01 03:00:00.000000000]
["time:"]["1970-01-01 03:00:00"]["dpConnectPassportWrite:"]
["val1:"][FALSE]
["Полный путь (DPE):"]["System1:Press4.Inputs.RecipeBoolVal.Runtime:_online.._value"]
["DP:"]["Press4"]["time:"][1970.01.01 03:00:00.000000000]
["time:"]["1970-01-01 03:00:00"]["dpConnectPassportWrite:"]
["val1:"][FALSE]
["OpenConnection"][-1]
["Curing end:"]
["dbExecuteCommand:"][-1]["dbRollbackTransaction:"][-1]["OpenConnection"][-1]
["Curing end:"]
["dbExecuteCommand:"][-1]["dbRollbackTransaction:"][-1]["OpenConnection"][-1]
["Curing end:"]
["dbExecuteCommand:"][-1]["dbRollbackTransaction:"][-1]["dpConnectPassportWrite:"]
["val1:"][FALSE]
["Полный путь (DPE):"]["System1:Press1.Inputs.RecipeBoolVal.Runtime:_online.._value"]
["DP:"]["Press1"]["time:"][1970.01.01 03:00:00.000000000]
["time:"]["1970-01-01 03:00:00"]["dpConnectPassportWrite:"]
["val1:"][FALSE]
["Полный путь (DPE):"]["System1:Press2.Inputs.RecipeBoolVal.Runtime:_online.._value"]
["DP:"]["Press2"]["time:"][1970.01.01 03:00:00.000000000]
["time:"]["1970-01-01 03:00:00"]["dpConnectPassportWrite:"]
["val1:"][FALSE]
["Полный путь (DPE):"]["System1:Press4.Inputs.RecipeBoolVal.Runtime:_online.._value"]
["DP:"]["Press4"]["time:"][1970.01.01 03:00:00.000000000]
["time:"]["1970-01-01 03:00:00"]["dpConnectPassportWrite:"]
["val1:"][FALSE]
["OpenConnection"][0]
["Curing end:"]
["OpenConnection"][0]
["Curing end:"]
["OpenConnection"][0]
["Curing end:"]
["dbExecuteCommand:"][-1]["dbExecuteCommand:"][-1]["dbExecuteCommand:"][-1]["DbCommitTransaction:"][0]["DbCommitTransaction:"][0]["DbCommitTransaction:"][0]["dpConnectPassportWrite:"]
["val1:"][FALSE]
["Полный путь (DPE):"]["System1:Press1.Inputs.RecipeBoolVal.Runtime:_online.._value"]
["DP:"]["Press1"]["time:"][1970.01.01 03:00:00.000000000]
["time:"]["1970-01-01 03:00:00"]["dpConnectPassportWrite:"]
["val1:"][FALSE]
["Полный путь (DPE):"]["System1:Press2.Inputs.RecipeBoolVal.Runtime:_online.._value"]
["DP:"]["Press2"]["time:"][1970.01.01 03:00:00.000000000]
["time:"]["1970-01-01 03:00:00"]["dpConnectPassportWrite:"]
["val1:"][FALSE]
["Полный путь (DPE):"]["System1:Press4.Inputs.RecipeBoolVal.Runtime:_online.._value"]
["DP:"]["Press4"]["time:"][1970.01.01 03:00:00.000000000]
["time:"]["1970-01-01 03:00:00"]["dpConnectPassportWrite:"]
["val1:"][FALSE]
["OpenConnection"][0]
["Curing end:"]
["OpenConnection"][0]
["Curing end:"]
["OpenConnection"][0]
["Curing end:"]
["dbExecuteCommand:"][-1]["dbExecuteCommand:"][-1]["dbExecuteCommand:"][-1]["DbCommitTransaction:"][0]["DbCommitTransaction:"][0]["DbCommitTransaction:"][0]["dpConnectPassportWrite:"]
["val1:"][TRUE]
["Полный путь (DPE):"]["System1:Press2.Inputs.RecipeBoolVal.Runtime:_online.._value"]
["DP:"]["Press2"]["time:"][2026.04.15 09:03:49.033000000]
["time:"]["2026-04-15 9:03:49"]["OpenConnection"][0]
["Curing begin:"]
["serial_num:"][""]
["recipe_num:"][""]
["time:"]["2026-04-15 9:03:49"]
["press_num:"][2]
["row_tire:"][""]
["dbExecuteCommand:"][-1]
["dbFinishCommand:"][0]["DbCommitTransaction:"][0]["dpConnectPassportWrite:"]
["val1:"][FALSE]
["Полный путь (DPE):"]["System1:Press2.Inputs.RecipeBoolVal.Runtime:_online.._value"]
["DP:"]["Press2"]["time:"][2026.04.15 10:12:04.033000000]
["time:"]["2026-04-15 10:12:04"]["OpenConnection"][0]
["Curing end:"]
["dbExecuteCommand:"][0]["DbCommitTransaction:"][0]["dpConnectPassportWrite:"]
["val1:"][TRUE]
["Полный путь (DPE):"]["System1:Press2.Inputs.RecipeBoolVal.Runtime:_online.._value"]
["DP:"]["Press2"]["time:"][2026.04.15 10:28:54.039000000]
["time:"]["2026-04-15 10:28:54"]["OpenConnection"][0]
["Curing begin:"]
["serial_num:"]["1626БЕЛ20043"]
["recipe_num:"]["4625"]
["time:"]["2026-04-15 10:28:54"]
["press_num:"][2]
["row_tire:"]["4444444"]
["dbExecuteCommand:"][0]
["dbFinishCommand:"][0]["DbCommitTransaction:"][0]["dpConnectPassportWrite:"]
["val1:"][FALSE]
["Полный путь (DPE):"]["System1:Press2.Inputs.RecipeBoolVal.Runtime:_online.._value"]
["DP:"]["Press2"]["time:"][2026.04.15 12:48:54.055000000]
["time:"]["2026-04-15 12:48:54"]["OpenConnection"][0]
["Curing end:"]
["dbExecuteCommand:"][0]["DbCommitTransaction:"][0]["dpConnectPassportWrite:"]
["val1:"][TRUE]
["Полный путь (DPE):"]["System1:Press2.Inputs.RecipeBoolVal.Runtime:_online.._value"]
["DP:"]["Press2"]["time:"][2026.04.15 13:16:24.049000000]
["time:"]["2026-04-15 13:16:24"]["OpenConnection"][0]
["Curing begin:"]
["serial_num:"]["1626БЕЛ21126"]
["recipe_num:"]["4625"]
["time:"]["2026-04-15 13:16:24"]
["press_num:"][2]
["row_tire:"]["4444444"]
["dbExecuteCommand:"][0]
["dbFinishCommand:"][0]["DbCommitTransaction:"][0]["dpConnectPassportWrite:"]
["val1:"][FALSE]
["Полный путь (DPE):"]["System1:Press2.Inputs.RecipeBoolVal.Runtime:_online.._value"]
["DP:"]["Press2"]["time:"][2026.04.15 15:36:24.049000000]
["time:"]["2026-04-15 15:36:24"]["OpenConnection"][0]
["Curing end:"]
["dbExecuteCommand:"][0]["DbCommitTransaction:"][0]["dpConnectPassportWrite:"]
["val1:"][TRUE]
["Полный путь (DPE):"]["System1:Press2.Inputs.RecipeBoolVal.Runtime:_online.._value"]
["DP:"]["Press2"]["time:"][2026.04.15 16:16:54.041000000]
["time:"]["2026-04-15 16:16:54"]["OpenConnection"][0]
["Curing begin:"]
["serial_num:"]["1626БЕЛ30057"]
["recipe_num:"]["4625"]
["time:"]["2026-04-15 16:16:54"]
["press_num:"][2]
["row_tire:"]["4444444"]
["dbExecuteCommand:"][0]
["dbFinishCommand:"][0]["DbCommitTransaction:"][0]["dpConnectPassportWrite:"]
["val1:"][FALSE]
["Полный путь (DPE):"]["System1:Press2.Inputs.RecipeBoolVal.Runtime:_online.._value"]
["DP:"]["Press2"]["time:"][2026.04.15 18:36:54.047000000]
["time:"]["2026-04-15 18:36:54"]["OpenConnection"][0]
["Curing end:"]
["dbExecuteCommand:"][0]["DbCommitTransaction:"][0]["dpConnectPassportWrite:"]
["val1:"][TRUE]
["Полный путь (DPE):"]["System1:Press2.Inputs.RecipeBoolVal.Runtime:_online.._value"]
["DP:"]["Press2"]["time:"][2026.04.15 18:57:04.027000000]
["time:"]["2026-04-15 18:57:04"]["OpenConnection"][0]
["Curing begin:"]
["serial_num:"]["1626БЕЛ30200"]
["recipe_num:"]["4625"]
["time:"]["2026-04-15 18:57:04"]
["press_num:"][2]
["row_tire:"]["4444444"]
["dbExecuteCommand:"][0]
["dbFinishCommand:"][0]["DbCommitTransaction:"][0]["dpConnectPassportWrite:"]
["val1:"][FALSE]
["Полный путь (DPE):"]["System1:Press1.Inputs.RecipeBoolVal.Runtime:_online.._value"]
["DP:"]["Press1"]["time:"][1970.01.01 03:00:00.000000000]
["time:"]["1970-01-01 03:00:00"]["dpConnectPassportWrite:"]
["val1:"][TRUE]
["Полный путь (DPE):"]["System1:Press2.Inputs.RecipeBoolVal.Runtime:_online.._value"]
["DP:"]["Press2"]["time:"][2026.04.15 18:57:04.027000000]
["time:"]["2026-04-15 18:57:04"]["dpConnectPassportWrite:"]
["val1:"][FALSE]
["Полный путь (DPE):"]["System1:Press4.Inputs.RecipeBoolVal.Runtime:_online.._value"]
["DP:"]["Press4"]["time:"][1970.01.01 03:00:00.000000000]
["time:"]["1970-01-01 03:00:00"]["dpConnectPassportWrite:"]
["val1:"][FALSE]
["OpenConnection"][0]
["Curing end:"]
["OpenConnection"][0]
["Curing begin:"]
["serial_num:"]["1626БЕЛ30200"]
["recipe_num:"]["4625"]
["time:"]["2026-04-15 18:57:04"]
["press_num:"][2]
["row_tire:"]["4444444"]
["OpenConnection"][0]
["Curing end:"]
["dbExecuteCommand:"][-1]["dbExecuteCommand:"][-1]["DbCommitTransaction:"][0]["DbCommitTransaction:"][0]["dbExecuteCommand:"][-1]
["dbFinishCommand:"][0]["DbCommitTransaction:"][0]["dpConnectPassportWrite:"]
["val1:"][TRUE]
["Полный путь (DPE):"]["System1:Press2.Inputs.RecipeBoolVal.Runtime:_online.._value"]
["DP:"]["Press2"]["time:"][2026.04.15 19:03:09.076000000]
["time:"]["2026-04-15 19:03:9"]["OpenConnection"][0]
["Curing begin:"]
["serial_num:"]["1626БЕЛ30200"]
["recipe_num:"]["4625"]
["time:"]["2026-04-15 19:03:9"]
["press_num:"][2]
["row_tire:"]["4444444"]
["dbExecuteCommand:"][-1]
["dbFinishCommand:"][0]["DbCommitTransaction:"][0]["dpConnectPassportWrite:"]
["val1:"][FALSE]
["Полный путь (DPE):"]["System1:Press1.Inputs.RecipeBoolVal.Runtime:_online.._value"]
["DP:"]["Press1"]["time:"][1970.01.01 03:00:00.000000000]
["time:"]["1970-01-01 03:00:00"]["dpConnectPassportWrite:"]
["val1:"][TRUE]
["Полный путь (DPE):"]["System1:Press2.Inputs.RecipeBoolVal.Runtime:_online.._value"]
["DP:"]["Press2"]["time:"][2026.04.15 19:03:09.076000000]
["time:"]["2026-04-15 19:03:9"]["dpConnectPassportWrite:"]
["val1:"][FALSE]
["OpenConnection"][0]
["Curing end:"]
["OpenConnection"][0]
["Curing begin:"]
["serial_num:"]["1626БЕЛ30200"]
["recipe_num:"]["4625"]
["time:"]["2026-04-15 19:03:9"]
["press_num:"][2]
["row_tire:"]["4444444"]
["dbExecuteCommand:"][-1]["DbCommitTransaction:"][0]["dbExecuteCommand:"][-1]
["dbFinishCommand:"][0]["DbCommitTransaction:"][0]["dpConnectPassportWrite:"]
["val1:"][FALSE]
["Полный путь (DPE):"]["System1:Press1.Inputs.RecipeBoolVal.Runtime:_online.._value"]
["DP:"]["Press1"]["time:"][1970.01.01 03:00:00.000000000]
["time:"]["1970-01-01 03:00:00"]["dpConnectPassportWrite:"]
["val1:"][TRUE]
["Полный путь (DPE):"]["System1:Press2.Inputs.RecipeBoolVal.Runtime:_online.._value"]
["DP:"]["Press2"]["time:"][2026.04.15 19:03:09.076000000]
["time:"]["2026-04-15 19:03:9"]["dpConnectPassportWrite:"]
["val1:"][FALSE]
["OpenConnection"][0]
["Curing end:"]
["OpenConnection"][0]
["Curing begin:"]
["serial_num:"]["1626БЕЛ30200"]
["recipe_num:"]["4625"]
["time:"]["2026-04-15 19:03:9"]
["press_num:"][2]
["row_tire:"]["4444444"]
["dbExecuteCommand:"][-1]["DbCommitTransaction:"][0]["dbExecuteCommand:"][-1]
["dbFinishCommand:"][0]["DbCommitTransaction:"][0]["dpConnectPassportWrite:"]
["val1:"][FALSE]
["Полный путь (DPE):"]["System1:Press2.Inputs.RecipeBoolVal.Runtime:_online.._value"]
["DP:"]["Press2"]["time:"][2026.04.15 21:17:04.048000000]
["time:"]["2026-04-15 21:17:04"]["OpenConnection"][0]
["Curing end:"]
["dbExecuteCommand:"][0]["DbCommitTransaction:"][0]["dpConnectPassportWrite:"]
["val1:"][TRUE]
["Полный путь (DPE):"]["System1:Press2.Inputs.RecipeBoolVal.Runtime:_online.._value"]
["DP:"]["Press2"]["time:"][2026.04.15 21:44:14.068000000]
["time:"]["2026-04-15 21:44:14"]["OpenConnection"][0]
["Curing begin:"]
["serial_num:"]["1626БЕЛ30194"]
["recipe_num:"]["4625"]
["time:"]["2026-04-15 21:44:14"]
["press_num:"][2]
["row_tire:"]["4444444"]
["dbExecuteCommand:"][0]
["dbFinishCommand:"][0]["DbCommitTransaction:"][0]["dpConnectPassportWrite:"]
["val1:"][FALSE]
["Полный путь (DPE):"]["System1:Press2.Inputs.RecipeBoolVal.Runtime:_online.._value"]
["DP:"]["Press2"]["time:"][2026.04.16 00:04:14.074000000]
["time:"]["2026-04-16 00:04:14"]["OpenConnection"][0]
["Curing end:"]
["dbExecuteCommand:"][0]["DbCommitTransaction:"][0]["dpConnectPassportWrite:"]
["val1:"][TRUE]
["Полный путь (DPE):"]["System1:Press2.Inputs.RecipeBoolVal.Runtime:_online.._value"]
["DP:"]["Press2"]["time:"][2026.04.16 01:13:29.072000000]
["time:"]["2026-04-16 01:13:29"]["OpenConnection"][0]
["Curing begin:"]
["serial_num:"]["1626БЕЛ40343"]
["recipe_num:"]["4625"]
["time:"]["2026-04-16 01:13:29"]
["press_num:"][2]
["row_tire:"]["4444444"]
["dbExecuteCommand:"][0]
["dbFinishCommand:"][0]["DbCommitTransaction:"][0]["dpConnectPassportWrite:"]
["val1:"][FALSE]
["Полный путь (DPE):"]["System1:Press2.Inputs.RecipeBoolVal.Runtime:_online.._value"]
["DP:"]["Press2"]["time:"][2026.04.16 03:33:34.026000000]
["time:"]["2026-04-16 03:33:34"]["OpenConnection"][0]
["Curing end:"]
["dbExecuteCommand:"][0]["DbCommitTransaction:"][0]["dpConnectPassportWrite:"]
["val1:"][TRUE]
["Полный путь (DPE):"]["System1:Press2.Inputs.RecipeBoolVal.Runtime:_online.._value"]
["DP:"]["Press2"]["time:"][2026.04.16 04:00:24.072000000]
["time:"]["2026-04-16 04:00:24"]["OpenConnection"][0]
["Curing begin:"]
["serial_num:"]["1626БЕЛ40345"]
["recipe_num:"]["4625"]
["time:"]["2026-04-16 04:00:24"]
["press_num:"][2]
["row_tire:"]["4444444"]
["dbExecuteCommand:"][0]
["dbFinishCommand:"][0]["DbCommitTransaction:"][0]["dpConnectPassportWrite:"]
["val1:"][FALSE]
["Полный путь (DPE):"]["System1:Press2.Inputs.RecipeBoolVal.Runtime:_online.._value"]
["DP:"]["Press2"]["time:"][2026.04.16 06:20:24.027000000]
["time:"]["2026-04-16 06:20:24"]["OpenConnection"][0]
["Curing end:"]
["dbExecuteCommand:"][0]["DbCommitTransaction:"][0]["dpConnectPassportWrite:"]
["val1:"][TRUE]
["Полный путь (DPE):"]["System1:Press2.Inputs.RecipeBoolVal.Runtime:_online.._value"]
["DP:"]["Press2"]["time:"][2026.04.16 07:15:09.078000000]
["time:"]["2026-04-16 07:15:9"]["OpenConnection"][0]
["Curing begin:"]
["serial_num:"]["1626БЕЛ40572"]
["recipe_num:"]["4625"]
["time:"]["2026-04-16 07:15:9"]
["press_num:"][2]
["row_tire:"]["4444444"]
["dbExecuteCommand:"][0]
["dbFinishCommand:"][0]["DbCommitTransaction:"][0]["dpConnectPassportWrite:"]
["val1:"][FALSE]
["Полный путь (DPE):"]["System1:Press1.Inputs.RecipeBoolVal.Runtime:_online.._value"]
["DP:"]["Press1"]["time:"][1970.01.01 03:00:00.000000000]
["time:"]["1970-01-01 03:00:00"]["dpConnectPassportWrite:"]
["val1:"][TRUE]
["Полный путь (DPE):"]["System1:Press2.Inputs.RecipeBoolVal.Runtime:_online.._value"]
["DP:"]["Press2"]["time:"][2026.04.16 07:15:09.078000000]
["time:"]["2026-04-16 07:15:9"]["dpConnectPassportWrite:"]
["val1:"][FALSE]
["OpenConnection"][0]
["Curing end:"]
["OpenConnection"][0]
["Curing begin:"]
["serial_num:"]["1626БЕЛ40572"]
["recipe_num:"]["4625"]
["time:"]["2026-04-16 07:15:9"]
["press_num:"][2]
["row_tire:"]["4444444"]
["dbExecuteCommand:"][-1]["DbCommitTransaction:"][0]["dbExecuteCommand:"][-1]
["dbFinishCommand:"][0]["DbCommitTransaction:"][0]["dpConnectPassportWrite:"]
["val1:"][FALSE]
["Полный путь (DPE):"]["System1:Press1.Inputs.RecipeBoolVal.Runtime:_online.._value"]
["DP:"]["Press1"]["time:"][1970.01.01 03:00:00.000000000]
["time:"]["1970-01-01 03:00:00"]["dpConnectPassportWrite:"]
["val1:"][TRUE]
["Полный путь (DPE):"]["System1:Press2.Inputs.RecipeBoolVal.Runtime:_online.._value"]
["DP:"]["Press2"]["time:"][2026.04.16 07:15:09.078000000]
["time:"]["2026-04-16 07:15:9"]["dpConnectPassportWrite:"]
["val1:"][TRUE]
["Полный путь (DPE):"]["System1:Press3.Inputs.RecipeBoolVal.Runtime:_online.._value"]
["DP:"]["Press3"]["time:"][2026.04.16 07:03:29.073000000]
["time:"]["2026-04-16 07:03:29"]["dpConnectPassportWrite:"]
["val1:"][FALSE]
["OpenConnection"][0]
["Curing end:"]
["OpenConnection"][0]
["Curing begin:"]
["serial_num:"]["1626БЕЛ40572"]
["recipe_num:"]["4625"]
["time:"]["2026-04-16 07:15:9"]
["press_num:"][2]
["row_tire:"]["4444444"]
["OpenConnection"][0]
["Curing begin:"]
["serial_num:"]["1626БЕЛ40350"]
["recipe_num:"]["4625"]
["time:"]["2026-04-16 07:03:29"]
["press_num:"][3]
["row_tire:"]["123"]
["dbExecuteCommand:"][-1]["DbCommitTransaction:"][0]["dbExecuteCommand:"][-1]
["dbFinishCommand:"][0]["dbExecuteCommand:"][0]
["DbCommitTransaction:"][0]["dbFinishCommand:"][0]["DbCommitTransaction:"][0]["dpConnectPassportWrite:"]
["val1:"][FALSE]
["Полный путь (DPE):"]["System1:Press3.Inputs.RecipeBoolVal.Runtime:_online.._value"]
["DP:"]["Press3"]["time:"][2026.04.16 09:23:29.061000000]
["time:"]["2026-04-16 9:23:29"]["OpenConnection"][0]
["Curing end:"]
["dbExecuteCommand:"][0]["DbCommitTransaction:"][0]["dpConnectPassportWrite:"]
["val1:"][FALSE]
["Полный путь (DPE):"]["System1:Press2.Inputs.RecipeBoolVal.Runtime:_online.._value"]
["DP:"]["Press2"]["time:"][2026.04.16 09:35:09.075000000]
["time:"]["2026-04-16 9:35:9"]["OpenConnection"][0]
["Curing end:"]
["dbExecuteCommand:"][0]["DbCommitTransaction:"][0]["dpConnectPassportWrite:"]
["val1:"][TRUE]
["Полный путь (DPE):"]["System1:Press3.Inputs.RecipeBoolVal.Runtime:_online.._value"]
["DP:"]["Press3"]["time:"][2026.04.16 09:48:24.021000000]
["time:"]["2026-04-16 9:48:24"]["OpenConnection"][0]
["Curing begin:"]
["serial_num:"]["1626БЕЛ20031"]
["recipe_num:"]["4625"]
["time:"]["2026-04-16 9:48:24"]
["press_num:"][3]
["row_tire:"]["123"]
["dbExecuteCommand:"][0]
["dbFinishCommand:"][0]["DbCommitTransaction:"][0]["dpConnectPassportWrite:"]
["val1:"][TRUE]
["Полный путь (DPE):"]["System1:Press2.Inputs.RecipeBoolVal.Runtime:_online.._value"]
["DP:"]["Press2"]["time:"][2026.04.16 09:53:24.083000000]
["time:"]["2026-04-16 9:53:24"]["OpenConnection"][0]
["Curing begin:"]
["serial_num:"]["1626БЕЛ20032"]
["recipe_num:"]["4625"]
["time:"]["2026-04-16 9:53:24"]
["press_num:"][2]
["row_tire:"]["4444444"]
["dbExecuteCommand:"][0]
["dbFinishCommand:"][0]["DbCommitTransaction:"][0]["dpConnectPassportWrite:"]
["val1:"][FALSE]
["Полный путь (DPE):"]["System1:Press3.Inputs.RecipeBoolVal.Runtime:_online.._value"]
["DP:"]["Press3"]["time:"][2026.04.16 12:08:24.058000000]
["time:"]["2026-04-16 12:08:24"]["OpenConnection"][0]
["Curing end:"]
["dbExecuteCommand:"][0]["DbCommitTransaction:"][0]["dpConnectPassportWrite:"]
["val1:"][FALSE]
["Полный путь (DPE):"]["System1:Press2.Inputs.RecipeBoolVal.Runtime:_online.._value"]
["DP:"]["Press2"]["time:"][2026.04.16 12:13:24.049000000]
["time:"]["2026-04-16 12:13:24"]["OpenConnection"][0]
["Curing end:"]
["dbExecuteCommand:"][0]["DbCommitTransaction:"][0]["dpConnectPassportWrite:"]
["val1:"][TRUE]
["Полный путь (DPE):"]["System1:Press3.Inputs.RecipeBoolVal.Runtime:_online.._value"]
["DP:"]["Press3"]["time:"][2026.04.16 12:37:44.049000000]
["time:"]["2026-04-16 12:37:44"]["OpenConnection"][0]
["Curing begin:"]
["serial_num:"]["1626БЕЛ21092"]
["recipe_num:"]["4625"]
["time:"]["2026-04-16 12:37:44"]
["press_num:"][3]
["row_tire:"]["123"]
["dbExecuteCommand:"][0]
["dbFinishCommand:"][0]["DbCommitTransaction:"][0]["dpConnectPassportWrite:"]
["val1:"][TRUE]
["Полный путь (DPE):"]["System1:Press2.Inputs.RecipeBoolVal.Runtime:_online.._value"]
["DP:"]["Press2"]["time:"][2026.04.16 12:41:29.033000000]
["time:"]["2026-04-16 12:41:29"]["OpenConnection"][0]
["Curing begin:"]
["serial_num:"]["1626БЕЛ21090"]
["recipe_num:"]["4625"]
["time:"]["2026-04-16 12:41:29"]
["press_num:"][2]
["row_tire:"]["4444444"]
["dbExecuteCommand:"][0]
["dbFinishCommand:"][0]["DbCommitTransaction:"][0]["dpConnectPassportWrite:"]
["val1:"][FALSE]
["Полный путь (DPE):"]["System1:Press2.Inputs.RecipeBoolVal.Runtime:_online.._value"]
["DP:"]["Press2"]["time:"][2026.04.16 15:05:55.840000000]
["time:"]["2026-04-16 15:05:55"]["dpConnectPassportWrite:"]
["val1:"][FALSE]
["Полный путь (DPE):"]["System1:Press3.Inputs.RecipeBoolVal.Runtime:_online.._value"]
["DP:"]["Press3"]["time:"][2026.04.16 15:05:55.862000000]
["time:"]["2026-04-16 15:05:55"]["dpConnectPassportWrite:"]
["val1:"][FALSE]
["OpenConnection"][0]
["Curing end:"]
["OpenConnection"][0]
["Curing end:"]
["dbExecuteCommand:"][0]["DbCommitTransaction:"][0]["dbExecuteCommand:"][0]["DbCommitTransaction:"][0]["dpConnectPassportWrite:"]
["val1:"][TRUE]
["Полный путь (DPE):"]["System1:Press3.Inputs.RecipeBoolVal.Runtime:_online.._value"]
["DP:"]["Press3"]["time:"][2026.04.16 15:16:10.861000000]
["time:"]["2026-04-16 15:16:10"]["OpenConnection"][0]
["Curing begin:"]
["serial_num:"]["1626БЕЛ21091"]
["recipe_num:"]["4625"]
["time:"]["2026-04-16 15:16:10"]
["press_num:"][3]
["row_tire:"]["123"]
["dbExecuteCommand:"][0]
["dbFinishCommand:"][0]["DbCommitTransaction:"][0]["dpConnectPassportWrite:"]
["val1:"][TRUE]
["Полный путь (DPE):"]["System1:Press2.Inputs.RecipeBoolVal.Runtime:_online.._value"]
["DP:"]["Press2"]["time:"][2026.04.16 15:20:40.842000000]
["time:"]["2026-04-16 15:20:40"]["OpenConnection"][0]
["Curing begin:"]
["serial_num:"]["1626БЕЛ21087"]
["recipe_num:"]["4625"]
["time:"]["2026-04-16 15:20:40"]
["press_num:"][2]
["row_tire:"]["4444444"]
["dbExecuteCommand:"][0]
["dbFinishCommand:"][0]["DbCommitTransaction:"][0]["dpConnectPassportWrite:"]
["val1:"][TRUE]
["Полный путь (DPE):"]["System1:Press2.Inputs.RecipeBoolVal.Runtime:_online.._value"]
["DP:"]["Press2"]["time:"][2026.04.16 15:20:40.842000000]
["time:"]["2026-04-16 15:20:40"]["dpConnectPassportWrite:"]
["val1:"][TRUE]
["Полный путь (DPE):"]["System1:Press3.Inputs.RecipeBoolVal.Runtime:_online.._value"]
["DP:"]["Press3"]["time:"][2026.04.16 15:16:10.861000000]
["time:"]["2026-04-16 15:16:10"]["dpConnectPassportWrite:"]
["val1:"][FALSE]
["OpenConnection"][0]
["Curing begin:"]
["serial_num:"]["1626БЕЛ21087"]
["recipe_num:"]["4625"]
["time:"]["2026-04-16 15:20:40"]
["press_num:"][2]
["row_tire:"]["4444444"]
["OpenConnection"][0]
["Curing begin:"]
["serial_num:"]["1626БЕЛ21091"]
["recipe_num:"]["4625"]
["time:"]["2026-04-16 15:16:10"]
["press_num:"][3]
["row_tire:"]["123"]
["dbExecuteCommand:"][-1]
["dbFinishCommand:"][0]["DbCommitTransaction:"][0]["dbExecuteCommand:"][-1]
["dbFinishCommand:"][0]["DbCommitTransaction:"][0]["dpConnectPassportWrite:"]
["val1:"][FALSE]
["Полный путь (DPE):"]["System1:Press3.Inputs.RecipeBoolVal.Runtime:_online.._value"]
["DP:"]["Press3"]["time:"][2026.04.16 17:36:10.861000000]
["time:"]["2026-04-16 17:36:10"]["OpenConnection"][0]
["Curing end:"]
["dbExecuteCommand:"][0]["DbCommitTransaction:"][0]["dpConnectPassportWrite:"]
["val1:"][FALSE]
["Полный путь (DPE):"]["System1:Press2.Inputs.RecipeBoolVal.Runtime:_online.._value"]
["DP:"]["Press2"]["time:"][2026.04.16 17:40:40.886000000]
["time:"]["2026-04-16 17:40:40"]["OpenConnection"][0]
["Curing end:"]
["dbExecuteCommand:"][0]["DbCommitTransaction:"][0]["dpConnectPassportWrite:"]
["val1:"][TRUE]
["Полный путь (DPE):"]["System1:Press3.Inputs.RecipeBoolVal.Runtime:_online.._value"]
["DP:"]["Press3"]["time:"][2026.04.17 02:47:45.867000000]
["time:"]["2026-04-17 02:47:45"]["OpenConnection"][0]
["Curing begin:"]
["serial_num:"]["1626БЕЛ43020"]
["recipe_num:"]["4625"]
["time:"]["2026-04-17 02:47:45"]
["press_num:"][3]
["row_tire:"]["123"]
["dbExecuteCommand:"][0]
["dbFinishCommand:"][0]["DbCommitTransaction:"][0]["dpConnectPassportWrite:"]
["val1:"][TRUE]
["Полный путь (DPE):"]["System1:Press2.Inputs.RecipeBoolVal.Runtime:_online.._value"]
["DP:"]["Press2"]["time:"][2026.04.17 02:50:45.843000000]
["time:"]["2026-04-17 02:50:45"]["OpenConnection"][0]
["Curing begin:"]
["serial_num:"]["1626БЕЛ43022"]
["recipe_num:"]["4625"]
["time:"]["2026-04-17 02:50:45"]
["press_num:"][2]
["row_tire:"]["4444444"]
["dbExecuteCommand:"][0]
["dbFinishCommand:"][0]["DbCommitTransaction:"][0]["dpConnectPassportWrite:"]
["val1:"][FALSE]
["Полный путь (DPE):"]["System1:Press3.Inputs.RecipeBoolVal.Runtime:_online.._value"]
["DP:"]["Press3"]["time:"][2026.04.17 05:07:45.898000000]
["time:"]["2026-04-17 05:07:45"]["OpenConnection"][0]
["Curing end:"]
["dbExecuteCommand:"][0]["DbCommitTransaction:"][0]["dpConnectPassportWrite:"]
["val1:"][FALSE]
["Полный путь (DPE):"]["System1:Press2.Inputs.RecipeBoolVal.Runtime:_online.._value"]
["DP:"]["Press2"]["time:"][2026.04.17 05:10:45.842000000]
["time:"]["2026-04-17 05:10:45"]["OpenConnection"][0]
["Curing end:"]
["dbExecuteCommand:"][0]["DbCommitTransaction:"][0]["dpConnectPassportWrite:"]
["val1:"][TRUE]
["Полный путь (DPE):"]["System1:Press3.Inputs.RecipeBoolVal.Runtime:_online.._value"]
["DP:"]["Press3"]["time:"][2026.04.17 05:29:55.856000000]
["time:"]["2026-04-17 05:29:55"]["OpenConnection"][0]
["Curing begin:"]
["serial_num:"]["1626БЕЛ43018"]
["recipe_num:"]["4625"]
["time:"]["2026-04-17 05:29:55"]
["press_num:"][3]
["row_tire:"]["123"]
["dbExecuteCommand:"][0]
["dbFinishCommand:"][0]["DbCommitTransaction:"][0]["dpConnectPassportWrite:"]
["val1:"][TRUE]
["Полный путь (DPE):"]["System1:Press2.Inputs.RecipeBoolVal.Runtime:_online.._value"]
["DP:"]["Press2"]["time:"][2026.04.17 05:31:45.883000000]
["time:"]["2026-04-17 05:31:45"]["OpenConnection"][0]
["Curing begin:"]
["serial_num:"]["1626БЕЛ43017"]
["recipe_num:"]["4625"]
["time:"]["2026-04-17 05:31:45"]
["press_num:"][2]
["row_tire:"]["4444444"]
["dbExecuteCommand:"][0]
["dbFinishCommand:"][0]["DbCommitTransaction:"][0]["dpConnectPassportWrite:"]
["val1:"][FALSE]
["Полный путь (DPE):"]["System1:Press3.Inputs.RecipeBoolVal.Runtime:_online.._value"]
["DP:"]["Press3"]["time:"][2026.04.17 07:49:55.882000000]
["time:"]["2026-04-17 07:49:55"]["OpenConnection"][0]
["Curing end:"]
["dbExecuteCommand:"][0]["DbCommitTransaction:"][0]["dpConnectPassportWrite:"]
["val1:"][FALSE]
["Полный путь (DPE):"]["System1:Press2.Inputs.RecipeBoolVal.Runtime:_online.._value"]
["DP:"]["Press2"]["time:"][2026.04.17 07:51:45.897000000]
["time:"]["2026-04-17 07:51:45"]["OpenConnection"][0]
["Curing end:"]
["dbExecuteCommand:"][0]["DbCommitTransaction:"][0]["dpConnectPassportWrite:"]
["val1:"][TRUE]
["Полный путь (DPE):"]["System1:Press3.Inputs.RecipeBoolVal.Runtime:_online.._value"]
["DP:"]["Press3"]["time:"][2026.04.17 09:46:55.886000000]
["time:"]["2026-04-17 9:46:55"]["OpenConnection"][0]
["Curing begin:"]
["serial_num:"]["1626БЕЛ10826"]
["recipe_num:"]["4625"]
["time:"]["2026-04-17 9:46:55"]
["press_num:"][3]
["row_tire:"]["123"]
["dbExecuteCommand:"][0]
["dbFinishCommand:"][0]["DbCommitTransaction:"][0]["dpConnectPassportWrite:"]
["val1:"][TRUE]
["Полный путь (DPE):"]["System1:Press2.Inputs.RecipeBoolVal.Runtime:_online.._value"]
["DP:"]["Press2"]["time:"][2026.04.17 09:48:05.878000000]
["time:"]["2026-04-17 9:48:05"]["OpenConnection"][0]
["Curing begin:"]
["serial_num:"]["1626БЕЛ10830"]
["recipe_num:"]["4625"]
["time:"]["2026-04-17 9:48:05"]
["press_num:"][2]
["row_tire:"]["4444444"]
["dbExecuteCommand:"][0]
["dbFinishCommand:"][0]["DbCommitTransaction:"][0]["dpConnectPassportWrite:"]
["val1:"][FALSE]
["Полный путь (DPE):"]["System1:Press3.Inputs.RecipeBoolVal.Runtime:_online.._value"]
["DP:"]["Press3"]["time:"][2026.04.17 12:06:55.894000000]
["time:"]["2026-04-17 12:06:55"]["OpenConnection"][0]
["Curing end:"]
["dbExecuteCommand:"][0]["DbCommitTransaction:"][0]["dpConnectPassportWrite:"]
["val1:"][FALSE]
["Полный путь (DPE):"]["System1:Press2.Inputs.RecipeBoolVal.Runtime:_online.._value"]
["DP:"]["Press2"]["time:"][2026.04.17 12:08:05.823000000]
["time:"]["2026-04-17 12:08:05"]["OpenConnection"][0]
["Curing end:"]
["dbExecuteCommand:"][0]["DbCommitTransaction:"][0]["dpConnectPassportWrite:"]
["val1:"][TRUE]
["Полный путь (DPE):"]["System1:Press3.Inputs.RecipeBoolVal.Runtime:_online.._value"]
["DP:"]["Press3"]["time:"][2026.04.17 12:26:15.877000000]
["time:"]["2026-04-17 12:26:15"]["OpenConnection"][0]
["Curing begin:"]
["serial_num:"]["1626БЕЛ10827"]
["recipe_num:"]["4625"]
["time:"]["2026-04-17 12:26:15"]
["press_num:"][3]
["row_tire:"]["123"]
["dbExecuteCommand:"][0]
["dbFinishCommand:"][0]["DbCommitTransaction:"][0]["dpConnectPassportWrite:"]
["val1:"][TRUE]
["Полный путь (DPE):"]["System1:Press2.Inputs.RecipeBoolVal.Runtime:_online.._value"]
["DP:"]["Press2"]["time:"][2026.04.17 12:29:45.872000000]
["time:"]["2026-04-17 12:29:45"]["OpenConnection"][0]
["Curing begin:"]
["serial_num:"]["1626БЕЛ10831"]
["recipe_num:"]["4625"]
["time:"]["2026-04-17 12:29:45"]
["press_num:"][2]
["row_tire:"]["4444444"]
["dbExecuteCommand:"][0]
["dbFinishCommand:"][0]["DbCommitTransaction:"][0]["dpConnectPassportWrite:"]
["val1:"][FALSE]
["Полный путь (DPE):"]["System1:Press3.Inputs.RecipeBoolVal.Runtime:_online.._value"]
["DP:"]["Press3"]["time:"][2026.04.17 14:45:55.868000000]
["time:"]["2026-04-17 14:45:55"]["OpenConnection"][0]
["Curing end:"]
["dbExecuteCommand:"][0]["DbCommitTransaction:"][0]["dpConnectPassportWrite:"]
["val1:"][FALSE]
["Полный путь (DPE):"]["System1:Press2.Inputs.RecipeBoolVal.Runtime:_online.._value"]
["DP:"]["Press2"]["time:"][2026.04.17 14:49:45.844000000]
["time:"]["2026-04-17 14:49:45"]["OpenConnection"][0]
["Curing end:"]
["dbExecuteCommand:"][0]["DbCommitTransaction:"][0]["dpConnectPassportWrite:"]
["val1:"][TRUE]
["Полный путь (DPE):"]["System1:Press3.Inputs.RecipeBoolVal.Runtime:_online.._value"]
["DP:"]["Press3"]["time:"][2026.04.17 15:12:25.861000000]
["time:"]["2026-04-17 15:12:25"]["OpenConnection"][0]
["Curing begin:"]
["serial_num:"]["1626БЕЛ10828"]
["recipe_num:"]["4625"]
["time:"]["2026-04-17 15:12:25"]
["press_num:"][3]
["row_tire:"]["123"]
["dbExecuteCommand:"][0]
["dbFinishCommand:"][0]["DbCommitTransaction:"][0]["dpConnectPassportWrite:"]
["val1:"][TRUE]
["Полный путь (DPE):"]["System1:Press2.Inputs.RecipeBoolVal.Runtime:_online.._value"]
["DP:"]["Press2"]["time:"][2026.04.17 15:16:45.834000000]
["time:"]["2026-04-17 15:16:45"]["OpenConnection"][0]
["Curing begin:"]
["serial_num:"]["1626БЕЛ10832"]
["recipe_num:"]["4625"]
["time:"]["2026-04-17 15:16:45"]
["press_num:"][2]
["row_tire:"]["4444444"]
["dbExecuteCommand:"][0]
["dbFinishCommand:"][0]["DbCommitTransaction:"][0]["dpConnectPassportWrite:"]
["val1:"][FALSE]
["Полный путь (DPE):"]["System1:Press3.Inputs.RecipeBoolVal.Runtime:_online.._value"]
["DP:"]["Press3"]["time:"][2026.04.17 17:32:25.866000000]
["time:"]["2026-04-17 17:32:25"]["OpenConnection"][0]
["Curing end:"]
["dbExecuteCommand:"][0]["DbCommitTransaction:"][0]["dpConnectPassportWrite:"]
["val1:"][FALSE]
["Полный путь (DPE):"]["System1:Press2.Inputs.RecipeBoolVal.Runtime:_online.._value"]
["DP:"]["Press2"]["time:"][2026.04.17 17:36:45.886000000]
["time:"]["2026-04-17 17:36:45"]["OpenConnection"][0]
["Curing end:"]
["dbExecuteCommand:"][0]["DbCommitTransaction:"][0]["dpConnectPassportWrite:"]
["val1:"][TRUE]
["Полный путь (DPE):"]["System1:Press3.Inputs.RecipeBoolVal.Runtime:_online.._value"]
["DP:"]["Press3"]["time:"][2026.04.18 01:47:25.869000000]
["time:"]["2026-04-18 01:47:25"]["OpenConnection"][0]
["Curing begin:"]
["serial_num:"]["1626БЕЛ40370"]
["recipe_num:"]["4625"]
["time:"]["2026-04-18 01:47:25"]
["press_num:"][3]
["row_tire:"]["123"]
["dbExecuteCommand:"][0]
["dbFinishCommand:"][0]["DbCommitTransaction:"][0]["dpConnectPassportWrite:"]
["val1:"][TRUE]
["Полный путь (DPE):"]["System1:Press2.Inputs.RecipeBoolVal.Runtime:_online.._value"]
["DP:"]["Press2"]["time:"][2026.04.18 01:55:20.894000000]
["time:"]["2026-04-18 01:55:20"]["OpenConnection"][0]
["Curing begin:"]
["serial_num:"]["1626БЕЛ40368"]
["recipe_num:"]["4625"]
["time:"]["2026-04-18 01:55:20"]
["press_num:"][2]
["row_tire:"]["4444444"]
["dbExecuteCommand:"][0]
["dbFinishCommand:"][0]["DbCommitTransaction:"][0]["dpConnectPassportWrite:"]
["val1:"][FALSE]
["Полный путь (DPE):"]["System1:Press3.Inputs.RecipeBoolVal.Runtime:_online.._value"]
["DP:"]["Press3"]["time:"][2026.04.18 04:07:25.877000000]
["time:"]["2026-04-18 04:07:25"]["OpenConnection"][0]
["Curing end:"]
["dbExecuteCommand:"][0]["DbCommitTransaction:"][0]["dpConnectPassportWrite:"]
["val1:"][FALSE]
["Полный путь (DPE):"]["System1:Press2.Inputs.RecipeBoolVal.Runtime:_online.._value"]
["DP:"]["Press2"]["time:"][2026.04.18 04:15:20.888000000]
["time:"]["2026-04-18 04:15:20"]["OpenConnection"][0]
["Curing end:"]
["dbExecuteCommand:"][0]["DbCommitTransaction:"][0]["dpConnectPassportWrite:"]
["val1:"][TRUE]
["Полный путь (DPE):"]["System1:Press3.Inputs.RecipeBoolVal.Runtime:_online.._value"]
["DP:"]["Press3"]["time:"][2026.04.18 04:31:55.869000000]
["time:"]["2026-04-18 04:31:55"]["OpenConnection"][0]
["Curing begin:"]
["serial_num:"]["1626БЕЛ40369"]
["recipe_num:"]["4625"]
["time:"]["2026-04-18 04:31:55"]
["press_num:"][3]
["row_tire:"]["123"]
["dbExecuteCommand:"][0]
["dbFinishCommand:"][0]["DbCommitTransaction:"][0]["dpConnectPassportWrite:"]
["val1:"][TRUE]
["Полный путь (DPE):"]["System1:Press2.Inputs.RecipeBoolVal.Runtime:_online.._value"]
["DP:"]["Press2"]["time:"][2026.04.18 04:33:45.898000000]
["time:"]["2026-04-18 04:33:45"]["OpenConnection"][0]
["Curing begin:"]
["serial_num:"]["1626БЕЛ40367"]
["recipe_num:"]["4625"]
["time:"]["2026-04-18 04:33:45"]
["press_num:"][2]
["row_tire:"]["4444444"]
["dbExecuteCommand:"][0]
["dbFinishCommand:"][0]["DbCommitTransaction:"][0]["dpConnectPassportWrite:"]
["val1:"][FALSE]
["Полный путь (DPE):"]["System1:Press3.Inputs.RecipeBoolVal.Runtime:_online.._value"]
["DP:"]["Press3"]["time:"][2026.04.18 06:51:55.859000000]
["time:"]["2026-04-18 06:51:55"]["OpenConnection"][0]
["Curing end:"]
["dbExecuteCommand:"][0]["DbCommitTransaction:"][0]["dpConnectPassportWrite:"]
["val1:"][FALSE]
["Полный путь (DPE):"]["System1:Press2.Inputs.RecipeBoolVal.Runtime:_online.._value"]
["DP:"]["Press2"]["time:"][2026.04.18 06:53:45.832000000]
["time:"]["2026-04-18 06:53:45"]["OpenConnection"][0]
["Curing end:"]
["dbExecuteCommand:"][0]["DbCommitTransaction:"][0]["dpConnectPassportWrite:"]
["val1:"][TRUE]
["Полный путь (DPE):"]["System1:Press3.Inputs.RecipeBoolVal.Runtime:_online.._value"]
["DP:"]["Press3"]["time:"][2026.04.18 11:30:25.869000000]
["time:"]["2026-04-18 11:30:25"]["OpenConnection"][0]
["Curing begin:"]
["serial_num:"]["1626БЕЛ10286"]
["recipe_num:"]["4625"]
["time:"]["2026-04-18 11:30:25"]
["press_num:"][3]
["row_tire:"]["123"]
["dbExecuteCommand:"][0]
["dbFinishCommand:"][0]["DbCommitTransaction:"][0]["dpConnectPassportWrite:"]
["val1:"][TRUE]
["Полный путь (DPE):"]["System1:Press2.Inputs.RecipeBoolVal.Runtime:_online.._value"]
["DP:"]["Press2"]["time:"][2026.04.18 11:40:10.878000000]
["time:"]["2026-04-18 11:40:10"]["OpenConnection"][0]
["Curing begin:"]
["serial_num:"]["1626БЕЛ10841"]
["recipe_num:"]["4625"]
["time:"]["2026-04-18 11:40:10"]
["press_num:"][2]
["row_tire:"]["4444444"]
["dbExecuteCommand:"][0]
["dbFinishCommand:"][0]["DbCommitTransaction:"][0]["dpConnectPassportWrite:"]
["val1:"][FALSE]
["Полный путь (DPE):"]["System1:Press2.Inputs.PassportBoolVal.Curing:_online.._value"]
["DP:"]["Press2"]["time:"][1970.01.01 03:00:00.000000000]
["time:"]["1970-01-01 03:00:00"]["dpConnectPassportWrite:"]
["val1:"][TRUE]
["Полный путь (DPE):"]["System1:Press3.Inputs.PassportBoolVal.Curing:_online.._value"]
["DP:"]["Press3"]["time:"][2026.04.18 14:39:45.878000000]
["time:"]["2026-04-18 14:39:45"]["dpConnectPassportWrite:"]
["val1:"][FALSE]
["dpConnectPassportWrite:"]
["val1:"][FALSE]
["dpConnectPassportWrite:"]
["val1:"][FALSE]
["dpConnectPassportWrite:"]
["val1:"][FALSE]
["OpenConnection"][0]
["Curing end:"]
["OpenConnection"][0]
["Curing begin:"]
["serial_num:"]["1626БЕЛ10847"]
["recipe_num:"]["4625"]
["time:"]["2026-04-18 14:39:45"]
["press_num:"][3]
["row_tire:"]["123"]
["dbExecuteCommand:"][0]["DbCommitTransaction:"][0]["dbExecuteCommand:"][0]
["dbFinishCommand:"][0]["DbCommitTransaction:"][0]["dpConnectPassportWrite:"]
["val1:"][TRUE]
["OpenConnection"][0]
["dbExecuteCommand:"][0]["DbCommitTransaction:"][0]["dpConnectPassportWrite:"]
["val1:"][FALSE]
["Полный путь (DPE):"]["System1:Press3.Inputs.PassportBoolVal.Curing:_online.._value"]
["DP:"]["Press3"]["time:"][2026.04.18 16:59:45.876000000]
["time:"]["2026-04-18 16:59:45"]["OpenConnection"][0]
["Curing end:"]
["dbExecuteCommand:"][0]["DbCommitTransaction:"][0]["dpConnectPassportWrite:"]
["val1:"][TRUE]
["Полный путь (DPE):"]["System1:Press3.Inputs.PassportBoolVal.Curing:_online.._value"]
["DP:"]["Press3"]["time:"][2026.04.18 18:06:45.919000000]
["time:"]["2026-04-18 18:06:45"]["OpenConnection"][0]
["Curing begin:"]
["serial_num:"]["1626БЕЛ21808"]
["recipe_num:"]["4625"]
["time:"]["2026-04-18 18:06:45"]
["press_num:"][3]
["row_tire:"]["123"]
["dbExecuteCommand:"][0]
["dbFinishCommand:"][0]["DbCommitTransaction:"][0]["dpConnectPassportWrite:"]
["val1:"][FALSE]
["Полный путь (DPE):"]["System1:Press3.Inputs.PassportBoolVal.Curing:_online.._value"]
["DP:"]["Press3"]["time:"][2026.04.18 20:26:50.911000000]
["time:"]["2026-04-18 20:26:50"]["OpenConnection"][0]
["Curing end:"]
["dbExecuteCommand:"][0]["DbCommitTransaction:"][0]["dpConnectPassportWrite:"]
["val1:"][TRUE]
["Полный путь (DPE):"]["System1:Press3.Inputs.PassportBoolVal.Curing:_online.._value"]
["DP:"]["Press3"]["time:"][2026.04.18 20:50:30.873000000]
["time:"]["2026-04-18 20:50:30"]["OpenConnection"][0]
["Curing begin:"]
["serial_num:"]["1626БЕЛ20547"]
["recipe_num:"]["4625"]
["time:"]["2026-04-18 20:50:30"]
["press_num:"][3]
["row_tire:"]["123"]
["dbExecuteCommand:"][0]
["dbFinishCommand:"][0]["DbCommitTransaction:"][0]["dpConnectPassportWrite:"]
["val1:"][FALSE]
["Полный путь (DPE):"]["System1:Press3.Inputs.PassportBoolVal.Curing:_online.._value"]
["DP:"]["Press3"]["time:"][2026.04.18 23:10:30.916000000]
["time:"]["2026-04-18 23:10:30"]["OpenConnection"][0]
["Curing end:"]
["dbExecuteCommand:"][0]["DbCommitTransaction:"][0]["dpConnectPassportWrite:"]
["val1:"][TRUE]
["Полный путь (DPE):"]["System1:Press3.Inputs.PassportBoolVal.Curing:_online.._value"]
["DP:"]["Press3"]["time:"][2026.04.19 01:07:35.915000000]
["time:"]["2026-04-19 01:07:35"]["OpenConnection"][0]
["Curing begin:"]
["serial_num:"]["1626БЕЛ43429"]
["recipe_num:"]["4625"]
["time:"]["2026-04-19 01:07:35"]
["press_num:"][3]
["row_tire:"]["123"]
["dbExecuteCommand:"][0]
["dbFinishCommand:"][0]["DbCommitTransaction:"][0]["dpConnectPassportWrite:"]
["val1:"][FALSE]
["Полный путь (DPE):"]["System1:Press3.Inputs.PassportBoolVal.Curing:_online.._value"]
["DP:"]["Press3"]["time:"][2026.04.19 03:27:35.882000000]
["time:"]["2026-04-19 03:27:35"]["OpenConnection"][0]
["Curing end:"]
["dbExecuteCommand:"][0]["DbCommitTransaction:"][0]["dpConnectPassportWrite:"]
["val1:"][TRUE]
["Полный путь (DPE):"]["System1:Press3.Inputs.PassportBoolVal.Curing:_online.._value"]
["DP:"]["Press3"]["time:"][2026.04.19 04:11:35.892000000]
["time:"]["2026-04-19 04:11:35"]["OpenConnection"][0]
["Curing begin:"]
["serial_num:"]["1626БЕЛ43430"]
["recipe_num:"]["4625"]
["time:"]["2026-04-19 04:11:35"]
["press_num:"][3]
["row_tire:"]["123"]
["dbExecuteCommand:"][0]
["dbFinishCommand:"][0]["DbCommitTransaction:"][0]["dpConnectPassportWrite:"]
["val1:"][FALSE]
["Полный путь (DPE):"]["System1:Press3.Inputs.PassportBoolVal.Curing:_online.._value"]
["DP:"]["Press3"]["time:"][2026.04.19 06:31:35.915000000]
["time:"]["2026-04-19 06:31:35"]["OpenConnection"][0]
["Curing end:"]
["dbExecuteCommand:"][0]["DbCommitTransaction:"][0]["dpConnectPassportWrite:"]
["val1:"][TRUE]
["Полный путь (DPE):"]["System1:Press3.Inputs.PassportBoolVal.Curing:_online.._value"]
["DP:"]["Press3"]["time:"][2026.04.19 06:57:10.887000000]
["time:"]["2026-04-19 06:57:10"]["OpenConnection"][0]
["Curing begin:"]
["serial_num:"]["1626БЕЛ43431"]
["recipe_num:"]["4625"]
["time:"]["2026-04-19 06:57:10"]
["press_num:"][3]
["row_tire:"]["123"]
["dbExecuteCommand:"][0]
["dbFinishCommand:"][0]["DbCommitTransaction:"][0]["dpConnectPassportWrite:"]
["val1:"][FALSE]
["Полный путь (DPE):"]["System1:Press3.Inputs.PassportBoolVal.Curing:_online.._value"]
["DP:"]["Press3"]["time:"][2026.04.19 09:17:15.901000000]
["time:"]["2026-04-19 9:17:15"]["OpenConnection"][0]
["Curing end:"]
["dbExecuteCommand:"][0]["DbCommitTransaction:"][0]["dpConnectPassportWrite:"]
["val1:"][TRUE]
["Полный путь (DPE):"]["System1:Press3.Inputs.PassportBoolVal.Curing:_online.._value"]
["DP:"]["Press3"]["time:"][2026.04.20 12:35:45.916000000]
["time:"]["2026-04-20 12:35:45"]["OpenConnection"][0]
["Curing begin:"]
["serial_num:"]["1626БЕЛ11533"]
["recipe_num:"]["4625"]
["time:"]["2026-04-20 12:35:45"]
["press_num:"][3]
["row_tire:"]["123"]
["dbExecuteCommand:"][0]
["dbFinishCommand:"][0]["DbCommitTransaction:"][0]["dpConnectPassportWrite:"]
["val1:"][FALSE]
["Полный путь (DPE):"]["System1:Press3.Inputs.PassportBoolVal.Curing:_online.._value"]
["DP:"]["Press3"]["time:"][2026.04.20 14:55:45.918000000]
["time:"]["2026-04-20 14:55:45"]["OpenConnection"][0]
["Curing end:"]
["dbExecuteCommand:"][0]["DbCommitTransaction:"][0]["dpConnectPassportWrite:"]
["val1:"][TRUE]
["Полный путь (DPE):"]["System1:Press3.Inputs.PassportBoolVal.Curing:_online.._value"]
["DP:"]["Press3"]["time:"][2026.04.20 15:51:05.874000000]
["time:"]["2026-04-20 15:51:05"]["OpenConnection"][0]
["Curing begin:"]
["serial_num:"]["1626БЕЛ21225"]
["recipe_num:"]["4625"]
["time:"]["2026-04-20 15:51:05"]
["press_num:"][3]
["row_tire:"]["123"]
["dbExecuteCommand:"][0]
["dbFinishCommand:"][0]["DbCommitTransaction:"][0]["dpConnectPassportWrite:"]
["val1:"][FALSE]
["Полный путь (DPE):"]["System1:Press3.Inputs.PassportBoolVal.Curing:_online.._value"]
["DP:"]["Press3"]["time:"][2026.04.20 18:11:05.905000000]
["time:"]["2026-04-20 18:11:05"]["OpenConnection"][0]
["Curing end:"]
["dbExecuteCommand:"][0]["DbCommitTransaction:"][0]["dpConnectPassportWrite:"]
["val1:"][TRUE]
["Полный путь (DPE):"]["System1:Press3.Inputs.PassportBoolVal.Curing:_online.._value"]
["DP:"]["Press3"]["time:"][2026.04.20 18:31:00.907000000]
["time:"]["2026-04-20 18:31:00"]["OpenConnection"][0]
["Curing begin:"]
["serial_num:"]["1626БЕЛ21222"]
["recipe_num:"]["4625"]
["time:"]["2026-04-20 18:31:00"]
["press_num:"][3]
["row_tire:"]["123"]
["dbExecuteCommand:"][0]
["dbFinishCommand:"][0]["DbCommitTransaction:"][0]["dpConnectPassportWrite:"]
["val1:"][FALSE]
["Полный путь (DPE):"]["System1:Press3.Inputs.PassportBoolVal.Curing:_online.._value"]
["DP:"]["Press3"]["time:"][2026.04.20 20:51:00.897000000]
["time:"]["2026-04-20 20:51:00"]["OpenConnection"][0]
["Curing end:"]
["dbExecuteCommand:"][0]["DbCommitTransaction:"][0]["dpConnectPassportWrite:"]
["val1:"][FALSE]
["Полный путь (DPE):"]["System1:Press2.Inputs.PassportBoolVal.Curing:_online.._value"]
["DP:"]["Press2"]["time:"][1970.01.01 03:00:00.000000000]
["time:"]["1970-01-01 03:00:00"]["dpConnectPassportWrite:"]
["val1:"][FALSE]
["Полный путь (DPE):"]["System1:Press3.Inputs.PassportBoolVal.Curing:_online.._value"]
["DP:"]["Press3"]["time:"][2026.04.20 20:51:00.897000000]
["time:"]["2026-04-20 20:51:00"]["dpConnectPassportWrite:"]
["val1:"][FALSE]
["dpConnectPassportWrite:"]
["val1:"][TRUE]
["dpConnectPassportWrite:"]
["val1:"][FALSE]
["dpConnectPassportWrite:"]
["val1:"][FALSE]
["OpenConnection"][0]
["Curing end:"]
["OpenConnection"][0]
["Curing end:"]
["OpenConnection"][0]
["dbExecuteCommand:"][0]["dbExecuteCommand:"][0]["DbCommitTransaction:"][0]["DbCommitTransaction:"][0]["dbExecuteCommand:"][0]["DbCommitTransaction:"][0]["dpConnectPassportWrite:"]
["val1:"][FALSE]
["Полный путь (DPE):"]["System1:Press2.Inputs.PassportBoolVal.Curing:_online.._value"]
["DP:"]["Press2"]["time:"][1970.01.01 03:00:00.000000000]
["time:"]["1970-01-01 03:00:00"]["dpConnectPassportWrite:"]
["val1:"][FALSE]
["Полный путь (DPE):"]["System1:Press3.Inputs.PassportBoolVal.Curing:_online.._value"]
["DP:"]["Press3"]["time:"][2026.04.20 20:51:00.897000000]
["time:"]["2026-04-20 20:51:00"]["dpConnectPassportWrite:"]
["val1:"][FALSE]
["dpConnectPassportWrite:"]
["val1:"][TRUE]
["dpConnectPassportWrite:"]
["val1:"][FALSE]
["dpConnectPassportWrite:"]
["val1:"][FALSE]
["OpenConnection"][0]
["Curing end:"]
["OpenConnection"][0]
["Curing end:"]
["OpenConnection"][0]
["dbExecuteCommand:"][0]["dbExecuteCommand:"][0]["dbExecuteCommand:"][0]["DbCommitTransaction:"][0]["DbCommitTransaction:"][0]["DbCommitTransaction:"][0]["dpConnectPassportWrite:"]
["val1:"][FALSE]
["Полный путь (DPE):"]["System1:Press2.Inputs.PassportBoolVal.Curing:_online.._value"]
["DP:"]["Press2"]["time:"][2026.04.23 08:06:35.890000000]
["time:"]["2026-04-23 08:06:35"]["OpenConnection"][0]
["Curing end:"]
["dbExecuteCommand:"][0]["DbCommitTransaction:"][0]["dpConnectPassportWrite:"]
["val1:"][FALSE]
["Полный путь (DPE):"]["System1:Press3.Inputs.PassportBoolVal.Curing:_online.._value"]
["DP:"]["Press3"]["time:"][2026.04.23 08:07:10.857000000]
["time:"]["2026-04-23 08:07:10"]["OpenConnection"][0]
["Curing end:"]
["dbExecuteCommand:"][0]["DbCommitTransaction:"][0]["dpConnectPassportWrite:"]
["val1:"][FALSE]
["Полный путь (DPE):"]["System1:Press2.Inputs.PassportBoolVal.Curing:_online.._value"]
["DP:"]["Press2"]["time:"][2026.04.23 08:08:00.874000000]
["time:"]["2026-04-23 08:08:00"]["OpenConnection"][0]
["Curing end:"]
["dbExecuteCommand:"][0]["DbCommitTransaction:"][0]["dpConnectPassportWrite:"]
["val1:"][TRUE]
["Полный путь (DPE):"]["System1:Press2.Inputs.PassportBoolVal.Curing:_online.._value"]
["DP:"]["Press2"]["time:"][2026.04.23 08:38:25.891000000]
["time:"]["2026-04-23 08:38:25"]["OpenConnection"][0]
["Curing begin:"]
["dbExecuteCommand:"][0]
["dbFinishCommand:"][0]["DbCommitTransaction:"][0]["dpConnectPassportWrite:"]
["val1:"][TRUE]
[" passportWrite DP:"]["Press2"]
["dpConnectPassportWrite:"]
["time:"]["2026-04-23 08:38:25"]
["serial_num:"]["1726БЕЛ41681"]
["Curing begin:"]["Press2"]
["val1:"][FALSE]
[" passportWrite DP:"]["Press3"]
["dpConnectPassportWrite:"]
["insertPassport"]
["time:"]["2026-04-23 08:07:10"]
["serial_num:"]["1626БЕЛ21222"]
["Curing end:"]
["val1:"][FALSE]
["dpConnectPassportWrite:"]
["val1:"][TRUE]
["dpConnectPassportWrite:"]
["val1:"][FALSE]
["dpConnectPassportWrite:"]
["val1:"][FALSE]
["forming"][0]["forming"][0]["OpenConnection"][0]
["insertPassport_OpenConnection"][-1]
["forming begin:"][0]
["dbExecuteCommand:"][-1]["dbRollbackTransaction:"][-1]["dpConnectPassportWrite:"]
["val1:"][TRUE]
[" passportWrite DP:"]["Press2"]
["dpConnectPassportWrite:"]
["time:"]["2026-04-23 08:38:25"]
["serial_num:"]["1726БЕЛ41681"]
["Curing begin:"]["Press2"]
["val1:"][FALSE]
[" passportWrite DP:"]["Press3"]
["dpConnectPassportWrite:"]
["insertPassport"]
["time:"]["2026-04-23 08:07:10"]
["serial_num:"]["1626БЕЛ21222"]
["Curing end:"]
["val1:"][FALSE]
["dpConnectPassportWrite:"]
["val1:"][TRUE]
["dpConnectPassportWrite:"]
["val1:"][FALSE]
["dpConnectPassportWrite:"]
["val1:"][FALSE]
["forming"][0]["forming"][0]["insertPassport_OpenConnection"][-1]
["forming begin:"][0]
["OpenConnection"][0]
["dbExecuteCommand:"][0]["DbCommitTransaction:"][0]["forming"][0]["forming"][0]["forming"][0]["forming"][0]["forming"][0]["forming"][0]["forming"][0]["forming"][0]["forming"][0]["dpConnectPassportWrite:"]
["val1:"][FALSE]
[" passportWrite DP:"]["Press2"]
["time:"]["2026-04-23 10:58:25"]
["serial_num:"]["1726БЕЛ41681"]
["Curing end:"]
["dpConnectPassportWrite:"]
["val1:"][TRUE]
[" passportWrite DP:"]["Press3"]
["time:"]["2026-04-23 11:03:10"]
["serial_num:"]["1726БЕЛ41677"]
["Curing begin:"]["Press3"]
["insertPassport"]
["insertPassport_OpenConnection"][-1]
["forming begin:"][0]
["forming"][0]["forming"][0]["forming"][0]["forming"][0]["forming"][0]["forming"][0]["forming"][0]["forming"][0]["forming"][0]["dpConnectPassportWrite:"]
["val1:"][TRUE]
[" passportWrite DP:"]["Press2"]
["time:"]["2026-04-23 11:22:50"]
["serial_num:"]["1726БЕЛ41682"]
["Curing begin:"]["Press2"]
["insertPassport"]
["insertPassport_OpenConnection"][-1]
["forming begin:"][0]
["dpConnectPassportWrite:"]
["val1:"][FALSE]
[" passportWrite DP:"]["Press3"]
["time:"]["2026-04-23 12:35:10"]
["serial_num:"]["1726БЕЛ41677"]
["Curing end:"]
["forming"][0]["forming"][0]["forming"][0]["forming"][0]["forming"][0]["dpConnectPassportWrite:"]
["val1:"][TRUE]
[" passportWrite DP:"]["Press2"]
["dpConnectPassportWrite:"]
["time:"]["2026-04-23 11:22:50"]
["serial_num:"]["1726БЕЛ41682"]
["Curing begin:"]["Press2"]
["val1:"][FALSE]
[" passportWrite DP:"]["Press3"]
["dpConnectPassportWrite:"]
["insertPassport"]
["time:"]["2026-04-23 12:35:10"]
["serial_num:"]["1726БЕЛ41678"]
["Curing end:"]
["val1:"][FALSE]
["dpConnectPassportWrite:"]
["val1:"][TRUE]
["dpConnectPassportWrite:"]
["val1:"][FALSE]
["dpConnectPassportWrite:"]
["val1:"][FALSE]
["forming"]["Press2"]["forming"]["Press3"]["insertPassport_OpenConnection"][-1]
["forming begin:"][0]
["OpenConnection"][0]
["dbExecuteCommand:"][0]["DbCommitTransaction:"][0]["dpConnectPassportWrite:"]
["val1:"][TRUE]
[" passportWrite DP:"]["Press2"]
["dpConnectPassportWrite:"]
["time:"]["2026-04-23 11:22:50"]
["serial_num:"]["1726БЕЛ41682"]
["Curing begin:"]["Press2"]
["val1:"][FALSE]
[" passportWrite DP:"]["Press3"]
["dpConnectPassportWrite:"]
["insertPassport"]
["time:"]["2026-04-23 12:35:10"]
["serial_num:"]["1726БЕЛ41678"]
["Curing end:"]
["val1:"][FALSE]
["dpConnectPassportWrite:"]
["val1:"][TRUE]
["dpConnectPassportWrite:"]
["val1:"][FALSE]
["dpConnectPassportWrite:"]
["val1:"][FALSE]
["forming"]["Press2"]["forming"]["Press3"]["insertPassport_OpenConnection"][-1]
["forming begin:"][0]
["OpenConnection"][0]
["dbExecuteCommand:"][0]["DbCommitTransaction:"][0]["forming"]["Press3"]["forming"]["Press3"]["forming"]["Press3"]["forming"]["Press3"]["dpConnectPassportWrite:"]
["val1:"][TRUE]
[" passportWrite DP:"]["Press3"]
["time:"]["2026-04-23 13:00:55"]
["serial_num:"]["1726БЕЛ41678"]
["Curing begin:"]["Press3"]
["insertPassport"]
["insertPassport_OpenConnection"][-1]
["forming begin:"][0]
["PassportWrite:"]
["val1:"][TRUE]
["passportWrite DP:"]["Press2"]
["PassportWrite:"]
["time:"]["2026-04-23 11:22:50"]
["serial_num:"]["1726БЕЛ41682"]
["Curing begin:"]["Press2"]
["val1:"][TRUE]
["passportWrite DP:"]["Press3"]
["dpConnectPassportWrite:"]
["insertPassport"]
["time:"]["2026-04-23 13:00:55"]
["serial_num:"]["1726БЕЛ41678"]
["Curing begin:"]["Press3"]
["val1:"][FALSE]
["dpConnectPassportWrite:"]
["insertPassport"]
["val1:"][TRUE]
["dpConnectPassportWrite:"]
["val1:"][FALSE]
["dpConnectPassportWrite:"]
["val1:"][FALSE]
["forming"]["Press2"]["forming"]["Press3"]["OpenConnection"][0]
["conStr: "][""]
["insertPassport_OpenConnection: "][-1]
["forming begin:"]
["serial_num:"]["1726БЕЛ41682"]
["recipe_num:"]["4625"]
["time:"][""]
["press_num:"][2]
["row_tire:"]["4444444"]
["dbExecuteCommand:"][-1]
["dbFinishCommand:"][-1]["dbRollbackTransaction:"][-1]["conStr: "][""]
["insertPassport_OpenConnection: "][-1]
["forming begin:"]
["serial_num:"]["1726БЕЛ41678"]
["recipe_num:"]["2626"]
["time:"][""]
["press_num:"][3]
["row_tire:"]["123"]
["dbExecuteCommand:"][-1]
["dbFinishCommand:"][-1]["dbRollbackTransaction:"][-1]["dbExecuteCommand:"][-1]["dbRollbackTransaction:"][-1]["PassportWrite:"]
["val1:"][TRUE]
["passportWrite DP:"]["Press2"]
["PassportWrite:"]
["time:"]["2026-04-23 11:22:50"]
["serial_num:"]["1726БЕЛ41682"]
["Curing begin:"]["Press2"]
["val1:"][TRUE]
["passportWrite DP:"]["Press3"]
["dpConnectPassportWrite:"]
["insertPassport"]
["time:"]["2026-04-23 13:00:55"]
["serial_num:"]["1726БЕЛ41678"]
["Curing begin:"]["Press3"]
["val1:"][FALSE]
["dpConnectPassportWrite:"]
["insertPassport"]
["val1:"][TRUE]
["dpConnectPassportWrite:"]
["val1:"][FALSE]
["dpConnectPassportWrite:"]
["val1:"][FALSE]
["forming"]["Press2"]["forming"]["Press3"]["OpenConnection"][0]
["conStr: "]["Data Source=KGSHVulcanisation;UID=sa"]
["insertPassport_OpenConnection: "][0]
["forming begin:"]
["serial_num:"]["1726БЕЛ41682"]
["recipe_num:"]["4625"]
["time:"][""]
["press_num:"][2]
["row_tire:"]["4444444"]
["conStr: "]["Data Source=KGSHVulcanisation;UID=sa"]
["insertPassport_OpenConnection: "][0]
["forming begin:"]
["serial_num:"]["1726БЕЛ41678"]
["recipe_num:"]["2626"]
["time:"][""]
["press_num:"][3]
["row_tire:"]["123"]
["dbExecuteCommand:"][0]["DbCommitTransaction:"][0]["dbExecuteCommand:"][-1]
["dbFinishCommand:"][-1]["dbRollbackTransaction:"][-1]["dbExecuteCommand:"][-1]
["dbFinishCommand:"][-1]["dbRollbackTransaction:"][-1]["PassportWrite:"]
["val1:"][TRUE]
["passportWrite DP:"]["Press2"]
["PassportWrite:"]
["time:"]["2026-04-23 11:22:50"]
["serial_num:"]["1726БЕЛ41682"]
["Curing begin:"]["Press2"]
["val1:"][TRUE]
["passportWrite DP:"]["Press3"]
["dpConnectPassportWrite:"]
["insertPassport"]
["time:"]["2026-04-23 13:00:55"]
["serial_num:"]["1726БЕЛ41678"]
["Curing begin:"]["Press3"]
["val1:"][FALSE]
["dpConnectPassportWrite:"]
["insertPassport"]
["val1:"][TRUE]
["dpConnectPassportWrite:"]
["val1:"][FALSE]
["dpConnectPassportWrite:"]
["val1:"][FALSE]
["forming:"]["Press2"]["forming:"]["Press3"]["OpenConnection"][0]
["conStr: "]["Data Source=KGSHVulcanisation;UID=sa"]
["insertPassport_OpenConnection: "][0]
["forming begin:"]
["serial_num:"]["1726БЕЛ41682"]
["recipe_num:"]["4625"]
["time:"][""]
["press_num:"][2]
["row_tire:"]["4444444"]
["conStr: "]["Data Source=KGSHVulcanisation;UID=sa"]
["insertPassport_OpenConnection: "][0]
["forming begin:"]
["serial_num:"]["1726БЕЛ41678"]
["recipe_num:"]["2626"]
["time:"][""]
["press_num:"][3]
["row_tire:"]["123"]
["dbExecuteCommand:"][0]["DbCommitTransaction:"][0]["dbExecuteCommand:"][-1]
["dbFinishCommand:"][-1]["dbRollbackTransaction:"][-1]["dbExecuteCommand:"][-1]
["dbFinishCommand:"][0]["DbCommitTransaction:"][-1]["PassportWrite:"]
["val1:"][FALSE]
["passportWrite DP:"]["Press2"]
["time:"]["2026-04-23 13:52:15"]
["serial_num:"]["1726БЕЛ41682"]
["Curing end:"]
["PassportWrite:"]
["val1:"][FALSE]
["passportWrite DP:"]["Press2"]
["PassportWrite:"]
["time:"]["2026-04-23 13:52:15"]
["serial_num:"]["1726БЕЛ41682"]
["Curing end:"]
["val1:"][TRUE]
["passportWrite DP:"]["Press3"]
["dpConnectPassportWrite:"]
["time:"]["2026-04-23 13:00:55"]
["serial_num:"]["1726БЕЛ41678"]
["Curing begin:"]["Press3"]
["val1:"][FALSE]
["dpConnectPassportWrite:"]
["insertPassport"]
["val1:"][TRUE]
["dpConnectPassportWrite:"]
["val1:"][FALSE]
["dpConnectPassportWrite:"]
["val1:"][FALSE]
["forming:"]["Press2"]["forming:"]["Press3"]["OpenConnection"][0]
["conStr: "]["Data Source=KGSHVulcanisation;UID=sa"]
["insertPassport_OpenConnection: "][0]
["forming begin:"]
["serial_num:"]["1726БЕЛ41678"]
["recipe_num:"]["2626"]
["time:"][""]
["press_num:"][3]
["row_tire:"]["123"]
["dbExecuteCommand:"][0]["DbCommitTransaction:"][0]["dbExecuteCommand:"][-1]
["dbFinishCommand:"][-1]["dbRollbackTransaction:"][-1]["PassportWrite:"]
["val1:"][FALSE]
["passportWrite DP:"]["Press2"]
["PassportWrite:"]
["time:"]["2026-04-23 13:52:15"]
["serial_num:"]["1726БЕЛ41682"]
["Curing end:"]
["val1:"][TRUE]
["passportWrite DP:"]["Press3"]
["dpConnectPassportWrite:"]
["time:"]["2026-04-23 13:00:55"]
["serial_num:"]["1726БЕЛ41678"]
["Curing begin:"]["Press3"]
["val1:"][FALSE]
["dpConnectPassportWrite:"]
["insertPassport"]
["val1:"][TRUE]
["dpConnectPassportWrite:"]
["val1:"][FALSE]
["dpConnectPassportWrite:"]
["val1:"][FALSE]
["forming:"]["Press2"]["forming:"]["Press3"]["OpenConnection"][0]
["conStr: "]["Data Source=KGSHVulcanisation;UID=sa"]
["insertPassport_OpenConnection: "][0]
["serial_num:"]["1726БЕЛ41678"]
["recipe_num:"]["2626"]
["time:"]["2026-04-23 13:00:55"]
["press_num:"][3]
["row_tire:"]["123"]
["dbExecuteCommand:"][0]["DbCommitTransaction:"][0]["dbExecuteCommand:"][-1]
["dbFinishCommand:"][-1]["dbRollbackTransaction:"][-1]["PassportWrite:"]
["val1:"][FALSE]
["passportWrite DP:"]["Press3"]
["time:"]["2026-04-23 14:32:55"]
["serial_num:"]["1726БЕЛ41678"]
["Curing end:"]
["forming:"]["Press3"]["forming:"]["Press3"]["forming:"]["Press3"]["forming:"]["Press3"]["forming:"]["Press3"]["forming:"]["Press3"]["forming:"]["Press3"]["forming:"]["Press3"]["forming:"]["Press3"]["PassportWrite:"]
["val1:"][TRUE]
["passportWrite DP:"]["Press3"]
["time:"]["2026-04-23 15:22:15"]
["serial_num:"]["1726БЕЛ41676"]
["Curing begin:"]["Press3"]
["insertPassport"]
["conStr: "]["Data Source=KGSHVulcanisation;UID=sa"]
["insertPassport_OpenConnection: "][0]
["serial_num:"]["1726БЕЛ41676"]
["recipe_num:"]["2626"]
["time:"]["2026-04-23 15:22:15"]
["press_num:"][3]
["row_tire:"]["123"]
["dbExecuteCommand:"][0]
["dbFinishCommand:"][0]["DbCommitTransaction:"][0]["PassportWrite:"]
["val1:"][FALSE]
["passportWrite DP:"]["Press3"]
["time:"]["2026-04-23 16:54:15"]
["serial_num:"]["1726БЕЛ41676"]
["Curing end:"]
["PassportWrite:"]
["val1:"][FALSE]
["passportWrite DP:"]["Press2"]
["PassportWrite:"]
["time:"]["2026-04-23 13:52:15"]
["serial_num:"]["1726БЕЛ41682"]
["Curing end:"]
["val1:"][FALSE]
["passportWrite DP:"]["Press3"]
["time:"]["2026-04-23 16:54:15"]
["serial_num:"]["1726БЕЛ41676"]
["Curing end:"]
["writeQuality:"]["Press1"]
["writeQuality:"][FALSE]["writeQuality:"]["Press2"]
["writeQuality:"][TRUE]["writeQuality:"]["Press3"]
["writeQuality:"][FALSE]["writeQuality:"]["Press4"]
["writeQuality:"][FALSE]["forming:"]["Press2"]["forming:"]["Press3"]["writeQuality_OpenConnection"][0]
["writeQuality_dbExecuteCommand:"][0]["DbCommitTransaction:"][0]["PassportWrite:"]
["val1:"][FALSE]
["passportWrite DP:"]["Press2"]
["PassportWrite:"]
["time:"]["2026-04-23 13:52:15"]
["serial_num:"]["1726БЕЛ41682"]
["Curing end:"]
["val1:"][FALSE]
["passportWrite DP:"]["Press3"]
["time:"]["2026-04-23 16:54:15"]
["serial_num:"]["1726БЕЛ41676"]
["Curing end:"]
["writeQuality:"]["Press1"]
["writeQuality:"][FALSE]["writeQuality:"]["Press2"]
["writeQuality:"][TRUE]["writeQuality:"]["Press3"]
["writeQuality:"][FALSE]["writeQuality:"]["Press4"]
["writeQuality:"][FALSE]["forming:"]["Press2"]["forming:"]["Press3"]["writeQuality_OpenConnection"][0]
["writeQuality_dbExecuteCommand:"][0]
["writeQuality_serial_num:"]["1726БЕЛ41682"]["DbCommitTransaction:"][0]["PassportWrite:"]
["val1:"][FALSE]
["passportWrite DP:"]["Press2"]
["PassportWrite:"]
["time:"]["2026-04-23 13:52:15"]
["serial_num:"]["1726БЕЛ41682"]
["Curing end:"]
["val1:"][FALSE]
["passportWrite DP:"]["Press3"]
["time:"]["2026-04-23 16:54:15"]
["serial_num:"]["1726БЕЛ41676"]
["Curing end:"]
["writeQuality:"]["Press2"]
["writeQuality:"][TRUE]["forming:"]["Press2"]["forming:"]["Press3"]["writeQuality_OpenConnection"][0]
["writeQuality_dbExecuteCommand:"][0]
["writeQuality_serial_num:"]["1726БЕЛ41682"]["DbCommitTransaction:"][0]["PassportWrite:"]
["val1:"][FALSE]
["passportWrite DP:"]["Press2"]
["PassportWrite:"]
["time:"]["2026-04-23 13:52:15"]
["serial_num:"]["1726БЕЛ41682"]
["Curing end:"]
["val1:"][FALSE]
["passportWrite DP:"]["Press3"]
["time:"]["2026-04-23 16:54:15"]
["serial_num:"]["1726БЕЛ41676"]
["Curing end:"]
["writeQuality:"]["Press2"]
["writeQuality:"][TRUE]["forming:"]["Press2"]["forming:"]["Press3"]["writeQuality_OpenConnection"][0]
["writeQuality_dbExecuteCommand:"][0]
["writeQuality_serial_num:"]["1726БЕЛ41682"]["DbCommitTransaction:"][0]["forming:"]["Press3"]["forming:"]["Press3"]["forming:"]["Press3"]["forming:"]["Press3"]["forming:"]["Press3"]["forming:"]["Press3"]["forming:"]["Press3"]["forming:"]["Press3"]["forming:"]["Press3"]["forming:"]["Press3"]["PassportWrite:"]
["val1:"][TRUE]
["passportWrite DP:"]["Press3"]
["time:"]["2026-04-24 9:39:40"]
["serial_num:"]["1726БЕЛ41836"]
["Curing begin:"]["Press3"]
["insertPassport"]
["conStr: "]["Data Source=KGSHVulcanisation;UID=sa"]
["insertPassport_OpenConnection: "][0]
["serial_num:"]["1726БЕЛ41836"]
["recipe_num:"]["2626"]
["time:"]["2026-04-24 9:39:40"]
["press_num:"][3]
["row_tire:"]["123"]
["dbExecuteCommand:"][0]
["dbFinishCommand:"][0]["DbCommitTransaction:"][0]["PassportWrite:"]
["val1:"][FALSE]
["passportWrite DP:"]["Press2"]
["PassportWrite:"]
["time:"]["2026-04-23 13:52:15"]
["serial_num:"]["1726БЕЛ41682"]
["Curing end:"]
["val1:"][TRUE]
["passportWrite DP:"]["Press3"]
["time:"]["2026-04-24 9:39:40"]
["serial_num:"]["1726БЕЛ41836"]
["Curing begin:"]["Press3"]
["writeQuality:"]["Press2"]
["writeQuality:"][TRUE]["writeQuality_OpenConnection"][0]
["writeQuality_dbExecuteCommand:"][0]
["writeQuality_serial_num:"]["1726БЕЛ41682"]["DbCommitTransaction:"][0]["PassportWrite:"]
["val1:"][FALSE]
["passportWrite DP:"]["Press2"]
["time:"]["2026-04-24 10:45:05"]
["serial_num:"]["1726БЕЛ41682"]
["Curing end:"]
["PassportWrite:"]
["val1:"][FALSE]
["passportWrite DP:"]["Press3"]
["time:"]["2026-04-24 11:11:40"]
["serial_num:"]["1726БЕЛ41836"]
["Curing end:"]
["PassportWrite:"]
["val1:"][FALSE]
["passportWrite DP:"]["Press2"]
["PassportWrite:"]
["passportWrite"]["Press2"]
["Val:"][FALSE]["time:"]["2026-04-24 10:45:05"]["serial_num:"]["1726БЕЛ41682"]["Curing end:"]
["val1:"][FALSE]
["passportWrite DP:"]["Press3"]
["passportWrite"]["Press3"]
["Val:"][FALSE]["time:"]["2026-04-24 11:11:40"]["serial_num:"]["1726БЕЛ41836"]["Curing end:"]
["writeQuality:"]["Press2"]
["writeQuality:"][TRUE]["PassportWrite:"]
["val:"][FALSE]
["passportWrite DP:"]["Press2"]
["PassportWrite:"]
["passportWrite"]["Press2"]
["Val:"][FALSE]["time:"]["2026-04-24 10:45:05"]["serial_num:"]["1726БЕЛ41682"]["Curing end:"]
["val:"][FALSE]
["passportWrite DP:"]["Press3"]
["Curing_end_conStr:"]["Data Source=KGSHVulcanisation;UID=sa"]["passportWrite"]["Press3"]
["Val:"][FALSE]["time:"]["2026-04-24 11:11:40"]["serial_num:"]["1726БЕЛ41836"]["Curing end:"]
["Curing_end_conStr:"]["Data Source=KGSHVulcanisation;UID=sa"]["writeQuality:"]["Press2"]
["writeQuality:"][TRUE]["PassportWrite:"]
["val:"][FALSE]
["passportWrite DP:"]["Press2"]
["PassportWrite:"]
["passportWrite"]["Press2"]
["Val:"][FALSE]["time:"]["2026-04-24 10:45:05"]["serial_num:"]["1726БЕЛ41682"]["Curing end:"]
["val:"][FALSE]
["passportWrite DP:"]["Press3"]
["Curing_end_conStr:"]["Data Source=KGSHVulcanisation;UID=sa"]["passportWrite"]["Press3"]
["Val:"][FALSE]["time:"]["2026-04-24 11:11:40"]["serial_num:"]["1726БЕЛ41836"]["Curing end:"]
["Curing_end_conStr:"]["Data Source=KGSHVulcanisation;UID=sa"]["writeQuality:"]["Press2"]
["writeQuality:"][TRUE]["PassportWrite:"]
["val:"][FALSE]
["passportWrite DP:"]["Press2"]
["PassportWrite:"]
["passportWrite"]["Press2"]
["Val:"][FALSE]["time:"]["2026-04-24 13:23:32"]["serial_num:"]["1726БЕЛ41682"]["Curing end:"]
["val:"][FALSE]
["passportWrite DP:"]["Press3"]
["Curing_end_conStr:"]["Data Source=KGSHVulcanisation;UID=sa"]["passportWrite"]["Press3"]
["Val:"][FALSE]["time:"]["2026-04-24 13:23:32"]["serial_num:"]["1726БЕЛ41836"]["Curing end:"]
["Curing_end_conStr:"]["Data Source=KGSHVulcanisation;UID=sa"]["writeQuality:"]["Press2"]
["writeQuality:"][TRUE]["PassportWrite:"]
["val:"][FALSE]
["passportWrite DP:"]["Press2"]
["PassportWrite:"]
["passportWrite"]["Press2"]
["Val:"][FALSE]["time:"]["2026-04-24 13:23:32"]["serial_num:"]["1726БЕЛ41682"]["Curing end:"]
["val:"][FALSE]
["passportWrite DP:"]["Press3"]
["Curing_end_conStr:"]["Data Source=KGSHVulcanisation;UID=sa"]["passportWrite"]["Press3"]
["Val:"][FALSE]["time:"]["2026-04-24 13:23:32"]["serial_num:"]["1726БЕЛ41836"]["Curing end:"]
["Curing_end_conStr:"]["Data Source=KGSHVulcanisation;UID=sa"]["writeQuality:"]["Press2"]
["writeQuality:"][TRUE]["PassportWrite:"]
["val:"][FALSE]
["passportWrite DP:"]["Press2"]
["PassportWrite:"]
["passportWrite"]["Press2"]
["Val:"][FALSE]["time:"]["2026-04-24 13:23:32"]["serial_num:"]["1726БЕЛ41682"]["Curing end:"]
["val:"][FALSE]
["passportWrite DP:"]["Press3"]
["Curing_end_conStr:"]["Data Source=KGSHVulcanisation;UID=sa"]["passportWrite"]["Press3"]
["Val:"][FALSE]["time:"]["2026-04-24 13:23:32"]["serial_num:"]["1726БЕЛ41836"]["Curing end:"]
["Curing_end_conStr:"]["Data Source=KGSHVulcanisation;UID=sa"]["writeQuality:"]["Press2"]
["writeQuality:"][TRUE]["writeQuality_OpenConnection"][0]
["writeQuality_dbExecuteCommand:"][0]
["writeQuality_serial_num:"]["1726БЕЛ41682"]["DbCommitTransaction:"][0]["PassportWrite:"]
["val:"][FALSE]
["passportWrite DP:"]["Press2"]
["PassportWrite:"]
["passportWrite"]["Press2"]
["Val:"][FALSE]["time:"]["2026-04-24 13:23:32"]["serial_num:"]["1726БЕЛ41682"]["Curing end:"]
["val:"][FALSE]
["passportWrite DP:"]["Press3"]
["Curing_end_conStr:"]["Data Source=KGSHVulcanisation;UID=sa"]["passportWrite"]["Press3"]
["Val:"][FALSE]["time:"]["2026-04-24 13:23:32"]["serial_num:"]["1726БЕЛ41836"]["Curing end:"]
["Curing_end_conStr:"]["Data Source=KGSHVulcanisation;UID=sa"]["writeQuality:"]["Press2"]
["writeQuality:"][TRUE]["writeQuality_OpenConnection"][0]
["writeQuality_dbExecuteCommand:"][0]
["writeQuality_serial_num:"]["1726БЕЛ41682"]["DbCommitTransaction:"][0]["PassportWrite:"]
["val:"][FALSE]
["passportWrite DP:"]["Press2"]
["PassportWrite:"]
["passportWrite"]["Press2"]
["Val:"][FALSE]["time:"]["2026-04-24 13:23:32"]["serial_num:"]["1726БЕЛ41682"]["Curing end:"]
["val:"][FALSE]
["passportWrite DP:"]["Press3"]
["Curing_end_conStr:"]["Data Source=KGSHVulcanisation;UID=sa"]["passportWrite"]["Press3"]
["Val:"][FALSE]["time:"]["2026-04-24 13:23:32"]["serial_num:"]["1726БЕЛ41836"]["Curing end:"]
["Curing_end_conStr:"]["Data Source=KGSHVulcanisation;UID=sa"]["writeQuality:"]["Press2"]
["writeQuality:"][TRUE]["writeQuality_OpenConnection"][0]
["writeQuality_dbExecuteCommand:"][0]
["writeQuality_serial_num:"]["1726БЕЛ41682"]["DbCommitTransaction:"][0]["PassportWrite:"]
["val:"][FALSE]
["passportWrite DP:"]["Press2"]
["PassportWrite:"]
["passportWrite"]["Press2"]
["Val:"][FALSE]["time:"]["2026-04-24 13:23:32"]["serial_num:"]["1726БЕЛ41682"]["Curing end:"]
["val:"][FALSE]
["passportWrite DP:"]["Press3"]
["passportWrite"]["Press3"]
["Val:"][FALSE]["time:"]["2026-04-24 13:23:32"]["serial_num:"]["1726БЕЛ41836"]["Curing end:"]
["writeQuality:"]["Press2"]
["writeQuality:"][TRUE]["conStr_Curing end: "]["Data Source=KGSHVulcanisation;UID=sa"]
["Curing end_OpenConnection: "][0]
["PassportWrite:"]
["val:"][FALSE]
["passportWrite DP:"]["Press2"]
["PassportWrite:"]
["passportWrite"]["Press2"]
["Val:"][FALSE]["time:"]["2026-04-24 13:23:32"]["serial_num:"]["1726БЕЛ41682"]["Curing end:"]
["val:"][FALSE]
["passportWrite DP:"]["Press3"]
["passportWrite"]["Press3"]
["Val:"][FALSE]["time:"]["2026-04-24 13:23:32"]["serial_num:"]["1726БЕЛ41836"]["Curing end:"]
["writeQuality:"]["Press2"]
["writeQuality:"][TRUE]["conStr_Curing end: "]["Data Source=KGSHVulcanisation;UID=sa"]
["Curing end_OpenConnection: "][0]
["PassportWrite:"]
["val:"][FALSE]
["passportWrite DP:"]["Press2"]
["PassportWrite:"]
["passportWrite"]["Press2"]
["Val:"][FALSE]["time:"]["2026-04-24 13:23:32"]["serial_num:"]["1726БЕЛ41682"]["Curing end:"]
["val:"][FALSE]
["passportWrite DP:"]["Press3"]
["passportWrite"]["Press3"]
["Val:"][FALSE]["time:"]["2026-04-24 13:23:32"]["serial_num:"]["1726БЕЛ41836"]["Curing end:"]
["writeQuality:"]["Press2"]
["writeQuality:"][TRUE]["conStr_Curing end: "]["Data Source=KGSHVulcanisation;UID=sa"]
["Curing end_OpenConnection: "][0]
["PassportWrite:"]
["val:"][FALSE]
["passportWrite DP:"]["Press2"]
["PassportWrite:"]
["passportWrite"]["Press2"]
["Val:"][FALSE]["time:"]["2026-04-24 13:23:32"]["serial_num:"]["1726БЕЛ41682"]["Curing end:"]
["val:"][FALSE]
["passportWrite DP:"]["Press3"]
["passportWrite"]["Press3"]
["Val:"][FALSE]["time:"]["2026-04-24 13:23:32"]["serial_num:"]["1726БЕЛ41836"]["Curing end:"]
["writeQuality:"]["Press2"]
["writeQuality:"][TRUE]["conStr_Curing end: "]["Data Source=KGSHVulcanisation;UID=sa"]
["Curing end_OpenConnection: "][0]
["conStr_Curing end: "]["Data Source=KGSHVulcanisation;UID=sa"]
["Curing end_OpenConnection: "][0]
["writeQuality_OpenConnection"][0]
["Curing_end_db_ExecuteCommand:"][0]["Curing_end_db_ExecuteCommand:"][0]["writeQuality_dbExecuteCommand:"][0]
["writeQuality_serial_num:"]["1726БЕЛ41682"]["DbCommitTransaction:"][0]["DbCommitTransaction:"][0]["DbCommitTransaction:"][0]["PassportWrite:"]
["val:"][FALSE]
["passportWrite DP:"]["Press2"]
["PassportWrite:"]
["passportWrite"]["Press2"]
["Val:"][FALSE]["time:"]["2026-04-24 13:23:32"]["serial_num:"]["1726БЕЛ41682"]["Curing end:"]
["val:"][FALSE]
["passportWrite DP:"]["Press3"]
["passportWrite"]["Press3"]
["Val:"][FALSE]["time:"]["2026-04-24 13:23:32"]["serial_num:"]["1726БЕЛ41836"]["Curing end:"]
["writeQuality:"]["Press2"]
["writeQuality:"][TRUE]["conStr_Curing end: "]["Data Source=KGSHVulcanisation;UID=sa"]
["Curing end_OpenConnection: "][0]
["conStr_Curing end: "]["Data Source=KGSHVulcanisation;UID=sa"]
["Curing end_OpenConnection: "][0]
["writeQuality_OpenConnection"][0]
["Curing_end_db_ExecuteCommand:"][0]["Curing_end_db_ExecuteCommand:"][0]["writeQuality_dbExecuteCommand:"][0]
["writeQuality_serial_num:"]["1726БЕЛ41682"]["DbCommitTransaction:"][0]["DbCommitTransaction:"][0]["DbCommitTransaction:"][0]["PassportWrite:"]
["val:"][FALSE]
["passportWrite DP:"]["Press2"]
["PassportWrite:"]
["passportWrite"]["Press2"]
["Val:"][FALSE]["time:"]["2026-04-24 13:23:32"]["serial_num:"]["1726БЕЛ41682"]["Curing end:"]
["val:"][FALSE]
["passportWrite DP:"]["Press3"]
["passportWrite"]["Press3"]
["Val:"][FALSE]["time:"]["2026-04-24 13:23:32"]["serial_num:"]["1726БЕЛ41836"]["Curing end:"]
["writeQuality:"]["Press2"]
["writeQuality:"][TRUE]["conStr_Curing end: "]["Data Source=KGSHVulcanisation;UID=sa"]
["Curing end_OpenConnection: "][0]
["conStr_Curing end: "]["Data Source=KGSHVulcanisation;UID=sa"]
["Curing end_OpenConnection: "][0]
["writeQuality_OpenConnection"][0]
["Curing_end_db_ExecuteCommand:"][0]["Curing_end_db_ExecuteCommand:"][0]["writeQuality_dbExecuteCommand:"][0]
["writeQuality_serial_num:"]["1726БЕЛ41682"]["DbCommitTransaction:"][0]["DbCommitTransaction:"][0]["DbCommitTransaction:"][0]["PassportWrite:"]
["val:"][FALSE]
["passportWrite DP:"]["Press2"]
["PassportWrite:"]
["passportWrite"]["Press2"]
["Val:"][FALSE]["time:"]["2026-04-24 13:23:32"]["serial_num:"]["1726БЕЛ41682"]["Curing end:"]
["val:"][FALSE]
["passportWrite DP:"]["Press3"]
["passportWrite"]["Press3"]
["Val:"][FALSE]["time:"]["2026-04-24 13:23:32"]["serial_num:"]["1726БЕЛ41836"]["Curing end:"]
["writeQuality:"]["Press2"]
["writeQuality:"][TRUE]["conStr_Curing end: "]["Data Source=KGSHVulcanisation;UID=sa"]
["Curing end_OpenConnection: "][0]
["conStr_Curing end: "]["Data Source=KGSHVulcanisation;UID=sa"]
["Curing end_OpenConnection: "][0]
["writeQuality_OpenConnection"][0]
["Curing_end_db_ExecuteCommand:"][0]["Curing_end_db_ExecuteCommand:"][0]["DbCommitTransaction:"][0]["DbCommitTransaction:"][0]["writeQuality_dbExecuteCommand:"][0]
["writeQuality_serial_num:"]["1726БЕЛ41682"]["DbCommitTransaction:"][0]